#
# A fatal error has been detected by the Java Runtime Environment:
#
#  Internal Error (generateOopMap.cpp:2164), pid=6068, tid=14851
#  fatal error: Illegal class file encountered. Try running with -Xverify:all in method Test
#
# JRE version: Java(TM) SE Runtime Environment 18.9 (11.0.12+8) (build 11.0.12+8-LTS-237)
# Java VM: Java HotSpot(TM) 64-Bit Server VM 18.9 (11.0.12+8-LTS-237, mixed mode, tiered, compressed oops, g1 gc, bsd-amd64)
# No core dump will be written. Core dumps have been disabled. To enable core dumping, try "ulimit -c unlimited" before starting Java again
#
# If you would like to submit a bug report, please visit:
#   https://bugreport.java.com/bugreport/crash.jsp
#

---------------  S U M M A R Y ------------

Command Line: -agentlib:jdwp=transport=dt_socket,suspend=y,address=localhost:50926 -ea -javaagent:/Users/concettadamato/eclipse/java-2021-12/Eclipse.app/Contents/Eclipse/configuration/org.eclipse.osgi/215/0/.cp/lib/javaagent-shaded.jar -Dfile.encoding=UTF-8 org.eclipse.jdt.internal.junit.runner.RemoteTestRunner -version 3 -port 50925 -testLoaderClass org.eclipse.jdt.internal.junit4.runner.JUnit4TestLoader -loaderpluginname org.eclipse.jdt.junit4.runtime -classNames soluteTransport.TestSoluteAdvectionDispersion

Host: MacBookPro17,1 x86_64 2400 MHz, 8 cores, 16G, Darwin 21.3.0
Time: Thu Apr  7 19:45:32 2022 CEST elapsed time: 7496.592086 seconds (0d 2h 4m 56s)

---------------  T H R E A D  ---------------

Current thread (0x00007f94d7860800):  VMThread "VM Thread" [stack: 0x00000003090c1000,0x00000003091c1000] [id=14851]

Stack: [0x00000003090c1000,0x00000003091c1000],  sp=0x00000003091bfed0,  free space=1019k
Native frames: (J=compiled Java code, A=aot compiled Java code, j=interpreted, Vv=VM code, C=native code)
V  [libjvm.dylib+0x7959fc]  _ZN7VMError14report_and_dieEiPKcS1_P13__va_list_tagP6ThreadPhPvS7_S1_im+0x54c
V  [libjvm.dylib+0x79618d]  _ZN7VMError14report_and_dieEP6ThreadPvPKciS4_S4_P13__va_list_tag+0x3f
V  [libjvm.dylib+0x2615d1]  _Z12report_fatalPKciS0_z+0xb5
V  [libjvm.dylib+0x34f5fd]  _ZN14GenerateOopMap10error_workEPKcP13__va_list_tag+0xdf
V  [libjvm.dylib+0x34c4da]  _ZN14GenerateOopMap12report_errorEPKcz+0x7c
V  [libjvm.dylib+0x34e6ba]  _ZN14GenerateOopMap6pploadEP13CellTypeStatei+0x4e
V  [libjvm.dylib+0x34d16f]  _ZN14GenerateOopMap9interp_bbEP10BasicBlock+0xdb
V  [libjvm.dylib+0x34ce94]  _ZN14GenerateOopMap10interp_allEv+0x3c
V  [libjvm.dylib+0x34cb41]  _ZN14GenerateOopMap17do_interpretationEv+0x4b
V  [libjvm.dylib+0x34f438]  _ZN14GenerateOopMap11compute_mapEP6Thread+0x164
V  [libjvm.dylib+0x63d44b]  _ZN19OopMapForCacheEntry11compute_mapEP6Thread+0x51
V  [libjvm.dylib+0x63dc3a]  _ZN16OopMapCacheEntry4fillERK12methodHandlei+0xac
V  [libjvm.dylib+0x63e529]  _ZN11OopMapCache19compute_one_oop_mapERK12methodHandleiP17InterpreterOopMap+0x5d
V  [libjvm.dylib+0x60305c]  _ZN6Method8mask_forEiP17InterpreterOopMap+0x7e
V  [libjvm.dylib+0x50c895]  _ZN16VM_GetOrSetLocal4doitEv+0x45
V  [libjvm.dylib+0x79f1a3]  _ZN12VM_Operation8evaluateEv+0xd5
V  [libjvm.dylib+0x79e5ab]  _ZN8VMThread18evaluate_operationEP12VM_Operation+0x139
V  [libjvm.dylib+0x79dffb]  _ZN8VMThread4loopEv+0xed
V  [libjvm.dylib+0x79de21]  _ZN8VMThread3runEv+0x6f
V  [libjvm.dylib+0x7418de]  _ZN6Thread8call_runEv+0x68
V  [libjvm.dylib+0x6468d2]  _ZL19thread_native_entryP6Thread+0x136
C  [libsystem_pthread.dylib+0x64f4]  _pthread_start+0x7d
C  [libsystem_pthread.dylib+0x200f]  thread_start+0xf

VM_Operation (0x0000000309beca60): GetOrSetLocal, mode: safepoint, requested by thread 0x00007f94f789e800


---------------  P R O C E S S  ---------------

Threads class SMR info:
_java_thread_list=0x00006000008cece0, length=13, elements={
0x00007f94e000b800, 0x00007f94e00f9000, 0x00007f94e00fe000, 0x00007f94d786d800,
0x00007f94d7870800, 0x00007f94d7871800, 0x00007f94d7872000, 0x00007f94d7873000,
0x00007f94f7898800, 0x00007f94f789e800, 0x00007f94f789f800, 0x00007f94d795a000,
0x00007f94d7b1d800
}

Java Threads: ( => current thread )
  0x00007f94e000b800 JavaThread "main" [_thread_blocked, id=8963, stack(0x0000000308aaf000,0x0000000308baf000)]
  0x00007f94e00f9000 JavaThread "Reference Handler" daemon [_thread_blocked, id=17411, stack(0x00000003091c4000,0x00000003092c4000)]
  0x00007f94e00fe000 JavaThread "Finalizer" daemon [_thread_blocked, id=16131, stack(0x00000003092c7000,0x00000003093c7000)]
  0x00007f94d786d800 JavaThread "Signal Dispatcher" daemon [_thread_blocked, id=23299, stack(0x00000003094db000,0x00000003095db000)]
  0x00007f94d7870800 JavaThread "Service Thread" daemon [_thread_blocked, id=41475, stack(0x00000003095de000,0x00000003096de000)]
  0x00007f94d7871800 JavaThread "C2 CompilerThread0" daemon [_thread_blocked, id=24067, stack(0x00000003096e1000,0x00000003097e1000)]
  0x00007f94d7872000 JavaThread "C1 CompilerThread0" daemon [_thread_blocked, id=24579, stack(0x00000003097e4000,0x00000003098e4000)]
  0x00007f94d7873000 JavaThread "Sweeper thread" daemon [_thread_blocked, id=40451, stack(0x00000003098e7000,0x00000003099e7000)]
  0x00007f94f7898800 JavaThread "Common-Cleaner" daemon [_thread_blocked, id=39171, stack(0x00000003099ea000,0x0000000309aea000)]
  0x00007f94f789e800 JavaThread "JDWP Transport Listener: dt_socket" daemon [_thread_blocked, id=38403, stack(0x0000000309aed000,0x0000000309bed000)] _threads_hazard_ptr=0x00006000008cece0
  0x00007f94f789f800 JavaThread "JDWP Event Helper Thread" daemon [_thread_blocked, id=37891, stack(0x0000000309bf0000,0x0000000309cf0000)]
  0x00007f94d795a000 JavaThread "JDWP Command Reader" daemon [_thread_in_native, id=26627, stack(0x0000000309cf3000,0x0000000309df3000)]
  0x00007f94d7b1d800 JavaThread "ReaderThread" [_thread_in_native, id=29443, stack(0x000000030a408000,0x000000030a508000)]

Other Threads:
=>0x00007f94d7860800 VMThread "VM Thread" [stack: 0x00000003090c1000,0x00000003091c1000] [id=14851]
  0x00007f94d7b3e800 WatcherThread [stack: 0x000000030a305000,0x000000030a405000] [id=29019]
  0x00007f94e0011800 GCTaskThread "GC Thread#0" [stack: 0x0000000308bb2000,0x0000000308cb2000] [id=19715]
  0x00007f94f7d7f000 GCTaskThread "GC Thread#1" [stack: 0x0000000309df6000,0x0000000309ef6000] [id=36655]
  0x00007f94f7cb4000 GCTaskThread "GC Thread#2" [stack: 0x0000000309ef9000,0x0000000309ff9000] [id=27651]
  0x00007f94f7c12800 GCTaskThread "GC Thread#3" [stack: 0x0000000309ffc000,0x000000030a0fc000] [id=36355]
  0x00007f94f78a0000 GCTaskThread "GC Thread#4" [stack: 0x000000030a0ff000,0x000000030a1ff000] [id=28163]
  0x00007f94f7899800 GCTaskThread "GC Thread#5" [stack: 0x000000030a202000,0x000000030a302000] [id=35843]
  0x00007f94e004f000 ConcurrentGCThread "G1 Main Marker" [stack: 0x0000000308cb5000,0x0000000308db5000] [id=19459]
  0x00007f94e004f800 ConcurrentGCThread "G1 Conc#0" [stack: 0x0000000308db8000,0x0000000308eb8000] [id=18947]
  0x00007f94e00f0800 ConcurrentGCThread "G1 Refine#0" [stack: 0x0000000308ebb000,0x0000000308fbb000] [id=18691]
  0x00007f94e00f1000 ConcurrentGCThread "G1 Young RemSet Sampling" [stack: 0x0000000308fbe000,0x00000003090be000] [id=18179]

Threads with active compile tasks:

VM state:at safepoint (normal execution)

VM Mutex/Monitor currently owned by a thread:  ([mutex/lock_event])
[0x0000600002685a00] Threads_lock - owner thread: 0x00007f94d7860800

Heap address: 0x0000000700000000, size: 4096 MB, Compressed Oops mode: Zero based, Oop shift amount: 3
Narrow klass base: 0x0000000800000000, Narrow klass shift: 0
Compressed class space size: 1073741824 Address: 0x0000000800000000

Heap:
 garbage-first heap   total 262144K, used 51991K [0x0000000700000000, 0x0000000800000000)
  region size 1024K, 48 young (49152K), 3 survivors (3072K)
 Metaspace       used 16259K, capacity 16465K, committed 16896K, reserved 1064960K
  class space    used 1447K, capacity 1480K, committed 1536K, reserved 1048576K
Heap Regions: E=young(eden), S=young(survivor), O=old, HS=humongous(starts), HC=humongous(continues), CS=collection set, F=free, A=archive, TAMS=top-at-mark-start (previous, next)
|   0|0x0000000700000000, 0x0000000700100000, 0x0000000700100000|100%| O|  |TAMS 0x0000000700000000, 0x0000000700000000| Untracked 
|   1|0x0000000700100000, 0x0000000700200000, 0x0000000700200000|100%| O|  |TAMS 0x0000000700100000, 0x0000000700100000| Untracked 
|   2|0x0000000700200000, 0x0000000700300000, 0x0000000700300000|100%| O|  |TAMS 0x0000000700200000, 0x0000000700200000| Untracked 
|   3|0x0000000700300000, 0x00000007003c5c00, 0x0000000700400000| 77%| O|  |TAMS 0x0000000700300000, 0x0000000700300000| Untracked 
|   4|0x0000000700400000, 0x0000000700400000, 0x0000000700500000|  0%| F|  |TAMS 0x0000000700400000, 0x0000000700400000| Untracked 
|   5|0x0000000700500000, 0x0000000700500000, 0x0000000700600000|  0%| F|  |TAMS 0x0000000700500000, 0x0000000700500000| Untracked 
|   6|0x0000000700600000, 0x0000000700600000, 0x0000000700700000|  0%| F|  |TAMS 0x0000000700600000, 0x0000000700600000| Untracked 
|   7|0x0000000700700000, 0x0000000700700000, 0x0000000700800000|  0%| F|  |TAMS 0x0000000700700000, 0x0000000700700000| Untracked 
|   8|0x0000000700800000, 0x0000000700800000, 0x0000000700900000|  0%| F|  |TAMS 0x0000000700800000, 0x0000000700800000| Untracked 
|   9|0x0000000700900000, 0x0000000700900000, 0x0000000700a00000|  0%| F|  |TAMS 0x0000000700900000, 0x0000000700900000| Untracked 
|  10|0x0000000700a00000, 0x0000000700a00000, 0x0000000700b00000|  0%| F|  |TAMS 0x0000000700a00000, 0x0000000700a00000| Untracked 
|  11|0x0000000700b00000, 0x0000000700b00000, 0x0000000700c00000|  0%| F|  |TAMS 0x0000000700b00000, 0x0000000700b00000| Untracked 
|  12|0x0000000700c00000, 0x0000000700c00000, 0x0000000700d00000|  0%| F|  |TAMS 0x0000000700c00000, 0x0000000700c00000| Untracked 
|  13|0x0000000700d00000, 0x0000000700d00000, 0x0000000700e00000|  0%| F|  |TAMS 0x0000000700d00000, 0x0000000700d00000| Untracked 
|  14|0x0000000700e00000, 0x0000000700e00000, 0x0000000700f00000|  0%| F|  |TAMS 0x0000000700e00000, 0x0000000700e00000| Untracked 
|  15|0x0000000700f00000, 0x0000000700f00000, 0x0000000701000000|  0%| F|  |TAMS 0x0000000700f00000, 0x0000000700f00000| Untracked 
|  16|0x0000000701000000, 0x0000000701000000, 0x0000000701100000|  0%| F|  |TAMS 0x0000000701000000, 0x0000000701000000| Untracked 
|  17|0x0000000701100000, 0x0000000701100000, 0x0000000701200000|  0%| F|  |TAMS 0x0000000701100000, 0x0000000701100000| Untracked 
|  18|0x0000000701200000, 0x0000000701200000, 0x0000000701300000|  0%| F|  |TAMS 0x0000000701200000, 0x0000000701200000| Untracked 
|  19|0x0000000701300000, 0x0000000701300000, 0x0000000701400000|  0%| F|  |TAMS 0x0000000701300000, 0x0000000701300000| Untracked 
|  20|0x0000000701400000, 0x0000000701400000, 0x0000000701500000|  0%| F|  |TAMS 0x0000000701400000, 0x0000000701400000| Untracked 
|  21|0x0000000701500000, 0x0000000701500000, 0x0000000701600000|  0%| F|  |TAMS 0x0000000701500000, 0x0000000701500000| Untracked 
|  22|0x0000000701600000, 0x0000000701600000, 0x0000000701700000|  0%| F|  |TAMS 0x0000000701600000, 0x0000000701600000| Untracked 
|  23|0x0000000701700000, 0x0000000701700000, 0x0000000701800000|  0%| F|  |TAMS 0x0000000701700000, 0x0000000701700000| Untracked 
|  24|0x0000000701800000, 0x0000000701800000, 0x0000000701900000|  0%| F|  |TAMS 0x0000000701800000, 0x0000000701800000| Untracked 
|  25|0x0000000701900000, 0x0000000701900000, 0x0000000701a00000|  0%| F|  |TAMS 0x0000000701900000, 0x0000000701900000| Untracked 
|  26|0x0000000701a00000, 0x0000000701a00000, 0x0000000701b00000|  0%| F|  |TAMS 0x0000000701a00000, 0x0000000701a00000| Untracked 
|  27|0x0000000701b00000, 0x0000000701b00000, 0x0000000701c00000|  0%| F|  |TAMS 0x0000000701b00000, 0x0000000701b00000| Untracked 
|  28|0x0000000701c00000, 0x0000000701c00000, 0x0000000701d00000|  0%| F|  |TAMS 0x0000000701c00000, 0x0000000701c00000| Untracked 
|  29|0x0000000701d00000, 0x0000000701d00000, 0x0000000701e00000|  0%| F|  |TAMS 0x0000000701d00000, 0x0000000701d00000| Untracked 
|  30|0x0000000701e00000, 0x0000000701e00000, 0x0000000701f00000|  0%| F|  |TAMS 0x0000000701e00000, 0x0000000701e00000| Untracked 
|  31|0x0000000701f00000, 0x0000000701f00000, 0x0000000702000000|  0%| F|  |TAMS 0x0000000701f00000, 0x0000000701f00000| Untracked 
|  32|0x0000000702000000, 0x0000000702000000, 0x0000000702100000|  0%| F|  |TAMS 0x0000000702000000, 0x0000000702000000| Untracked 
|  33|0x0000000702100000, 0x0000000702100000, 0x0000000702200000|  0%| F|  |TAMS 0x0000000702100000, 0x0000000702100000| Untracked 
|  34|0x0000000702200000, 0x0000000702200000, 0x0000000702300000|  0%| F|  |TAMS 0x0000000702200000, 0x0000000702200000| Untracked 
|  35|0x0000000702300000, 0x0000000702300000, 0x0000000702400000|  0%| F|  |TAMS 0x0000000702300000, 0x0000000702300000| Untracked 
|  36|0x0000000702400000, 0x0000000702400000, 0x0000000702500000|  0%| F|  |TAMS 0x0000000702400000, 0x0000000702400000| Untracked 
|  37|0x0000000702500000, 0x0000000702500000, 0x0000000702600000|  0%| F|  |TAMS 0x0000000702500000, 0x0000000702500000| Untracked 
|  38|0x0000000702600000, 0x0000000702600000, 0x0000000702700000|  0%| F|  |TAMS 0x0000000702600000, 0x0000000702600000| Untracked 
|  39|0x0000000702700000, 0x0000000702700000, 0x0000000702800000|  0%| F|  |TAMS 0x0000000702700000, 0x0000000702700000| Untracked 
|  40|0x0000000702800000, 0x0000000702800000, 0x0000000702900000|  0%| F|  |TAMS 0x0000000702800000, 0x0000000702800000| Untracked 
|  41|0x0000000702900000, 0x0000000702900000, 0x0000000702a00000|  0%| F|  |TAMS 0x0000000702900000, 0x0000000702900000| Untracked 
|  42|0x0000000702a00000, 0x0000000702a00000, 0x0000000702b00000|  0%| F|  |TAMS 0x0000000702a00000, 0x0000000702a00000| Untracked 
|  43|0x0000000702b00000, 0x0000000702b00000, 0x0000000702c00000|  0%| F|  |TAMS 0x0000000702b00000, 0x0000000702b00000| Untracked 
|  44|0x0000000702c00000, 0x0000000702c00000, 0x0000000702d00000|  0%| F|  |TAMS 0x0000000702c00000, 0x0000000702c00000| Untracked 
|  45|0x0000000702d00000, 0x0000000702d00000, 0x0000000702e00000|  0%| F|  |TAMS 0x0000000702d00000, 0x0000000702d00000| Untracked 
|  46|0x0000000702e00000, 0x0000000702e00000, 0x0000000702f00000|  0%| F|  |TAMS 0x0000000702e00000, 0x0000000702e00000| Untracked 
|  47|0x0000000702f00000, 0x0000000702f00000, 0x0000000703000000|  0%| F|  |TAMS 0x0000000702f00000, 0x0000000702f00000| Untracked 
|  48|0x0000000703000000, 0x0000000703000000, 0x0000000703100000|  0%| F|  |TAMS 0x0000000703000000, 0x0000000703000000| Untracked 
|  49|0x0000000703100000, 0x0000000703100000, 0x0000000703200000|  0%| F|  |TAMS 0x0000000703100000, 0x0000000703100000| Untracked 
|  50|0x0000000703200000, 0x0000000703200000, 0x0000000703300000|  0%| F|  |TAMS 0x0000000703200000, 0x0000000703200000| Untracked 
|  51|0x0000000703300000, 0x0000000703300000, 0x0000000703400000|  0%| F|  |TAMS 0x0000000703300000, 0x0000000703300000| Untracked 
|  52|0x0000000703400000, 0x0000000703400000, 0x0000000703500000|  0%| F|  |TAMS 0x0000000703400000, 0x0000000703400000| Untracked 
|  53|0x0000000703500000, 0x0000000703500000, 0x0000000703600000|  0%| F|  |TAMS 0x0000000703500000, 0x0000000703500000| Untracked 
|  54|0x0000000703600000, 0x0000000703600000, 0x0000000703700000|  0%| F|  |TAMS 0x0000000703600000, 0x0000000703600000| Untracked 
|  55|0x0000000703700000, 0x0000000703700000, 0x0000000703800000|  0%| F|  |TAMS 0x0000000703700000, 0x0000000703700000| Untracked 
|  56|0x0000000703800000, 0x0000000703800000, 0x0000000703900000|  0%| F|  |TAMS 0x0000000703800000, 0x0000000703800000| Untracked 
|  57|0x0000000703900000, 0x0000000703900000, 0x0000000703a00000|  0%| F|  |TAMS 0x0000000703900000, 0x0000000703900000| Untracked 
|  58|0x0000000703a00000, 0x0000000703a00000, 0x0000000703b00000|  0%| F|  |TAMS 0x0000000703a00000, 0x0000000703a00000| Untracked 
|  59|0x0000000703b00000, 0x0000000703b00000, 0x0000000703c00000|  0%| F|  |TAMS 0x0000000703b00000, 0x0000000703b00000| Untracked 
|  60|0x0000000703c00000, 0x0000000703c00000, 0x0000000703d00000|  0%| F|  |TAMS 0x0000000703c00000, 0x0000000703c00000| Untracked 
|  61|0x0000000703d00000, 0x0000000703d00000, 0x0000000703e00000|  0%| F|  |TAMS 0x0000000703d00000, 0x0000000703d00000| Untracked 
|  62|0x0000000703e00000, 0x0000000703e00000, 0x0000000703f00000|  0%| F|  |TAMS 0x0000000703e00000, 0x0000000703e00000| Untracked 
|  63|0x0000000703f00000, 0x0000000703f00000, 0x0000000704000000|  0%| F|  |TAMS 0x0000000703f00000, 0x0000000703f00000| Untracked 
|  64|0x0000000704000000, 0x0000000704000000, 0x0000000704100000|  0%| F|  |TAMS 0x0000000704000000, 0x0000000704000000| Untracked 
|  65|0x0000000704100000, 0x0000000704100000, 0x0000000704200000|  0%| F|  |TAMS 0x0000000704100000, 0x0000000704100000| Untracked 
|  66|0x0000000704200000, 0x0000000704200000, 0x0000000704300000|  0%| F|  |TAMS 0x0000000704200000, 0x0000000704200000| Untracked 
|  67|0x0000000704300000, 0x0000000704300000, 0x0000000704400000|  0%| F|  |TAMS 0x0000000704300000, 0x0000000704300000| Untracked 
|  68|0x0000000704400000, 0x0000000704400000, 0x0000000704500000|  0%| F|  |TAMS 0x0000000704400000, 0x0000000704400000| Untracked 
|  69|0x0000000704500000, 0x0000000704500000, 0x0000000704600000|  0%| F|  |TAMS 0x0000000704500000, 0x0000000704500000| Untracked 
|  70|0x0000000704600000, 0x0000000704600000, 0x0000000704700000|  0%| F|  |TAMS 0x0000000704600000, 0x0000000704600000| Untracked 
|  71|0x0000000704700000, 0x0000000704700000, 0x0000000704800000|  0%| F|  |TAMS 0x0000000704700000, 0x0000000704700000| Untracked 
|  72|0x0000000704800000, 0x0000000704800000, 0x0000000704900000|  0%| F|  |TAMS 0x0000000704800000, 0x0000000704800000| Untracked 
|  73|0x0000000704900000, 0x0000000704900000, 0x0000000704a00000|  0%| F|  |TAMS 0x0000000704900000, 0x0000000704900000| Untracked 
|  74|0x0000000704a00000, 0x0000000704a00000, 0x0000000704b00000|  0%| F|  |TAMS 0x0000000704a00000, 0x0000000704a00000| Untracked 
|  75|0x0000000704b00000, 0x0000000704b00000, 0x0000000704c00000|  0%| F|  |TAMS 0x0000000704b00000, 0x0000000704b00000| Untracked 
|  76|0x0000000704c00000, 0x0000000704c00000, 0x0000000704d00000|  0%| F|  |TAMS 0x0000000704c00000, 0x0000000704c00000| Untracked 
|  77|0x0000000704d00000, 0x0000000704d00000, 0x0000000704e00000|  0%| F|  |TAMS 0x0000000704d00000, 0x0000000704d00000| Untracked 
|  78|0x0000000704e00000, 0x0000000704e00000, 0x0000000704f00000|  0%| F|  |TAMS 0x0000000704e00000, 0x0000000704e00000| Untracked 
|  79|0x0000000704f00000, 0x0000000704f00000, 0x0000000705000000|  0%| F|  |TAMS 0x0000000704f00000, 0x0000000704f00000| Untracked 
|  80|0x0000000705000000, 0x0000000705000000, 0x0000000705100000|  0%| F|  |TAMS 0x0000000705000000, 0x0000000705000000| Untracked 
|  81|0x0000000705100000, 0x0000000705100000, 0x0000000705200000|  0%| F|  |TAMS 0x0000000705100000, 0x0000000705100000| Untracked 
|  82|0x0000000705200000, 0x0000000705200000, 0x0000000705300000|  0%| F|  |TAMS 0x0000000705200000, 0x0000000705200000| Untracked 
|  83|0x0000000705300000, 0x0000000705300000, 0x0000000705400000|  0%| F|  |TAMS 0x0000000705300000, 0x0000000705300000| Untracked 
|  84|0x0000000705400000, 0x0000000705400000, 0x0000000705500000|  0%| F|  |TAMS 0x0000000705400000, 0x0000000705400000| Untracked 
|  85|0x0000000705500000, 0x0000000705500000, 0x0000000705600000|  0%| F|  |TAMS 0x0000000705500000, 0x0000000705500000| Untracked 
|  86|0x0000000705600000, 0x0000000705600000, 0x0000000705700000|  0%| F|  |TAMS 0x0000000705600000, 0x0000000705600000| Untracked 
|  87|0x0000000705700000, 0x0000000705700000, 0x0000000705800000|  0%| F|  |TAMS 0x0000000705700000, 0x0000000705700000| Untracked 
|  88|0x0000000705800000, 0x0000000705800000, 0x0000000705900000|  0%| F|  |TAMS 0x0000000705800000, 0x0000000705800000| Untracked 
|  89|0x0000000705900000, 0x0000000705900000, 0x0000000705a00000|  0%| F|  |TAMS 0x0000000705900000, 0x0000000705900000| Untracked 
|  90|0x0000000705a00000, 0x0000000705a00000, 0x0000000705b00000|  0%| F|  |TAMS 0x0000000705a00000, 0x0000000705a00000| Untracked 
|  91|0x0000000705b00000, 0x0000000705b00000, 0x0000000705c00000|  0%| F|  |TAMS 0x0000000705b00000, 0x0000000705b00000| Untracked 
|  92|0x0000000705c00000, 0x0000000705c00000, 0x0000000705d00000|  0%| F|  |TAMS 0x0000000705c00000, 0x0000000705c00000| Untracked 
|  93|0x0000000705d00000, 0x0000000705d00000, 0x0000000705e00000|  0%| F|  |TAMS 0x0000000705d00000, 0x0000000705d00000| Untracked 
|  94|0x0000000705e00000, 0x0000000705e00000, 0x0000000705f00000|  0%| F|  |TAMS 0x0000000705e00000, 0x0000000705e00000| Untracked 
|  95|0x0000000705f00000, 0x0000000705f00000, 0x0000000706000000|  0%| F|  |TAMS 0x0000000705f00000, 0x0000000705f00000| Untracked 
|  96|0x0000000706000000, 0x0000000706000000, 0x0000000706100000|  0%| F|  |TAMS 0x0000000706000000, 0x0000000706000000| Untracked 
|  97|0x0000000706100000, 0x0000000706100000, 0x0000000706200000|  0%| F|  |TAMS 0x0000000706100000, 0x0000000706100000| Untracked 
|  98|0x0000000706200000, 0x0000000706200000, 0x0000000706300000|  0%| F|  |TAMS 0x0000000706200000, 0x0000000706200000| Untracked 
|  99|0x0000000706300000, 0x0000000706300000, 0x0000000706400000|  0%| F|  |TAMS 0x0000000706300000, 0x0000000706300000| Untracked 
| 100|0x0000000706400000, 0x0000000706400000, 0x0000000706500000|  0%| F|  |TAMS 0x0000000706400000, 0x0000000706400000| Untracked 
| 101|0x0000000706500000, 0x0000000706500000, 0x0000000706600000|  0%| F|  |TAMS 0x0000000706500000, 0x0000000706500000| Untracked 
| 102|0x0000000706600000, 0x0000000706600000, 0x0000000706700000|  0%| F|  |TAMS 0x0000000706600000, 0x0000000706600000| Untracked 
| 103|0x0000000706700000, 0x0000000706700000, 0x0000000706800000|  0%| F|  |TAMS 0x0000000706700000, 0x0000000706700000| Untracked 
| 104|0x0000000706800000, 0x0000000706800000, 0x0000000706900000|  0%| F|  |TAMS 0x0000000706800000, 0x0000000706800000| Untracked 
| 105|0x0000000706900000, 0x0000000706900000, 0x0000000706a00000|  0%| F|  |TAMS 0x0000000706900000, 0x0000000706900000| Untracked 
| 106|0x0000000706a00000, 0x0000000706a00000, 0x0000000706b00000|  0%| F|  |TAMS 0x0000000706a00000, 0x0000000706a00000| Untracked 
| 107|0x0000000706b00000, 0x0000000706b00000, 0x0000000706c00000|  0%| F|  |TAMS 0x0000000706b00000, 0x0000000706b00000| Untracked 
| 108|0x0000000706c00000, 0x0000000706c00000, 0x0000000706d00000|  0%| F|  |TAMS 0x0000000706c00000, 0x0000000706c00000| Untracked 
| 109|0x0000000706d00000, 0x0000000706d00000, 0x0000000706e00000|  0%| F|  |TAMS 0x0000000706d00000, 0x0000000706d00000| Untracked 
| 110|0x0000000706e00000, 0x0000000706e00000, 0x0000000706f00000|  0%| F|  |TAMS 0x0000000706e00000, 0x0000000706e00000| Untracked 
| 111|0x0000000706f00000, 0x0000000706f00000, 0x0000000707000000|  0%| F|  |TAMS 0x0000000706f00000, 0x0000000706f00000| Untracked 
| 112|0x0000000707000000, 0x0000000707000000, 0x0000000707100000|  0%| F|  |TAMS 0x0000000707000000, 0x0000000707000000| Untracked 
| 113|0x0000000707100000, 0x0000000707100000, 0x0000000707200000|  0%| F|  |TAMS 0x0000000707100000, 0x0000000707100000| Untracked 
| 114|0x0000000707200000, 0x0000000707200000, 0x0000000707300000|  0%| F|  |TAMS 0x0000000707200000, 0x0000000707200000| Untracked 
| 115|0x0000000707300000, 0x0000000707300000, 0x0000000707400000|  0%| F|  |TAMS 0x0000000707300000, 0x0000000707300000| Untracked 
| 116|0x0000000707400000, 0x0000000707400000, 0x0000000707500000|  0%| F|  |TAMS 0x0000000707400000, 0x0000000707400000| Untracked 
| 117|0x0000000707500000, 0x0000000707500000, 0x0000000707600000|  0%| F|  |TAMS 0x0000000707500000, 0x0000000707500000| Untracked 
| 118|0x0000000707600000, 0x0000000707600000, 0x0000000707700000|  0%| F|  |TAMS 0x0000000707600000, 0x0000000707600000| Untracked 
| 119|0x0000000707700000, 0x0000000707700000, 0x0000000707800000|  0%| F|  |TAMS 0x0000000707700000, 0x0000000707700000| Untracked 
| 120|0x0000000707800000, 0x0000000707800000, 0x0000000707900000|  0%| F|  |TAMS 0x0000000707800000, 0x0000000707800000| Untracked 
| 121|0x0000000707900000, 0x0000000707900000, 0x0000000707a00000|  0%| F|  |TAMS 0x0000000707900000, 0x0000000707900000| Untracked 
| 122|0x0000000707a00000, 0x0000000707a00000, 0x0000000707b00000|  0%| F|  |TAMS 0x0000000707a00000, 0x0000000707a00000| Untracked 
| 123|0x0000000707b00000, 0x0000000707b00000, 0x0000000707c00000|  0%| F|  |TAMS 0x0000000707b00000, 0x0000000707b00000| Untracked 
| 124|0x0000000707c00000, 0x0000000707c00000, 0x0000000707d00000|  0%| F|  |TAMS 0x0000000707c00000, 0x0000000707c00000| Untracked 
| 125|0x0000000707d00000, 0x0000000707d00000, 0x0000000707e00000|  0%| F|  |TAMS 0x0000000707d00000, 0x0000000707d00000| Untracked 
| 126|0x0000000707e00000, 0x0000000707e00000, 0x0000000707f00000|  0%| F|  |TAMS 0x0000000707e00000, 0x0000000707e00000| Untracked 
| 127|0x0000000707f00000, 0x0000000707f00000, 0x0000000708000000|  0%| F|  |TAMS 0x0000000707f00000, 0x0000000707f00000| Untracked 
| 128|0x0000000708000000, 0x0000000708000000, 0x0000000708100000|  0%| F|  |TAMS 0x0000000708000000, 0x0000000708000000| Untracked 
| 129|0x0000000708100000, 0x0000000708100000, 0x0000000708200000|  0%| F|  |TAMS 0x0000000708100000, 0x0000000708100000| Untracked 
| 130|0x0000000708200000, 0x0000000708200000, 0x0000000708300000|  0%| F|  |TAMS 0x0000000708200000, 0x0000000708200000| Untracked 
| 131|0x0000000708300000, 0x0000000708300000, 0x0000000708400000|  0%| F|  |TAMS 0x0000000708300000, 0x0000000708300000| Untracked 
| 132|0x0000000708400000, 0x0000000708400000, 0x0000000708500000|  0%| F|  |TAMS 0x0000000708400000, 0x0000000708400000| Untracked 
| 133|0x0000000708500000, 0x0000000708500000, 0x0000000708600000|  0%| F|  |TAMS 0x0000000708500000, 0x0000000708500000| Untracked 
| 134|0x0000000708600000, 0x0000000708600000, 0x0000000708700000|  0%| F|  |TAMS 0x0000000708600000, 0x0000000708600000| Untracked 
| 135|0x0000000708700000, 0x0000000708700000, 0x0000000708800000|  0%| F|  |TAMS 0x0000000708700000, 0x0000000708700000| Untracked 
| 136|0x0000000708800000, 0x0000000708800000, 0x0000000708900000|  0%| F|  |TAMS 0x0000000708800000, 0x0000000708800000| Untracked 
| 137|0x0000000708900000, 0x0000000708900000, 0x0000000708a00000|  0%| F|  |TAMS 0x0000000708900000, 0x0000000708900000| Untracked 
| 138|0x0000000708a00000, 0x0000000708a00000, 0x0000000708b00000|  0%| F|  |TAMS 0x0000000708a00000, 0x0000000708a00000| Untracked 
| 139|0x0000000708b00000, 0x0000000708b00000, 0x0000000708c00000|  0%| F|  |TAMS 0x0000000708b00000, 0x0000000708b00000| Untracked 
| 140|0x0000000708c00000, 0x0000000708c00000, 0x0000000708d00000|  0%| F|  |TAMS 0x0000000708c00000, 0x0000000708c00000| Untracked 
| 141|0x0000000708d00000, 0x0000000708d00000, 0x0000000708e00000|  0%| F|  |TAMS 0x0000000708d00000, 0x0000000708d00000| Untracked 
| 142|0x0000000708e00000, 0x0000000708e00000, 0x0000000708f00000|  0%| F|  |TAMS 0x0000000708e00000, 0x0000000708e00000| Untracked 
| 143|0x0000000708f00000, 0x0000000708f00000, 0x0000000709000000|  0%| F|  |TAMS 0x0000000708f00000, 0x0000000708f00000| Untracked 
| 144|0x0000000709000000, 0x0000000709000000, 0x0000000709100000|  0%| F|  |TAMS 0x0000000709000000, 0x0000000709000000| Untracked 
| 145|0x0000000709100000, 0x0000000709100000, 0x0000000709200000|  0%| F|  |TAMS 0x0000000709100000, 0x0000000709100000| Untracked 
| 146|0x0000000709200000, 0x0000000709200000, 0x0000000709300000|  0%| F|  |TAMS 0x0000000709200000, 0x0000000709200000| Untracked 
| 147|0x0000000709300000, 0x0000000709300000, 0x0000000709400000|  0%| F|  |TAMS 0x0000000709300000, 0x0000000709300000| Untracked 
| 148|0x0000000709400000, 0x0000000709400000, 0x0000000709500000|  0%| F|  |TAMS 0x0000000709400000, 0x0000000709400000| Untracked 
| 149|0x0000000709500000, 0x0000000709500000, 0x0000000709600000|  0%| F|  |TAMS 0x0000000709500000, 0x0000000709500000| Untracked 
| 150|0x0000000709600000, 0x0000000709600000, 0x0000000709700000|  0%| F|  |TAMS 0x0000000709600000, 0x0000000709600000| Untracked 
| 151|0x0000000709700000, 0x0000000709700000, 0x0000000709800000|  0%| F|  |TAMS 0x0000000709700000, 0x0000000709700000| Untracked 
| 152|0x0000000709800000, 0x0000000709800000, 0x0000000709900000|  0%| F|  |TAMS 0x0000000709800000, 0x0000000709800000| Untracked 
| 153|0x0000000709900000, 0x0000000709900000, 0x0000000709a00000|  0%| F|  |TAMS 0x0000000709900000, 0x0000000709900000| Untracked 
| 154|0x0000000709a00000, 0x0000000709a00000, 0x0000000709b00000|  0%| F|  |TAMS 0x0000000709a00000, 0x0000000709a00000| Untracked 
| 155|0x0000000709b00000, 0x0000000709b00000, 0x0000000709c00000|  0%| F|  |TAMS 0x0000000709b00000, 0x0000000709b00000| Untracked 
| 156|0x0000000709c00000, 0x0000000709c00000, 0x0000000709d00000|  0%| F|  |TAMS 0x0000000709c00000, 0x0000000709c00000| Untracked 
| 157|0x0000000709d00000, 0x0000000709d00000, 0x0000000709e00000|  0%| F|  |TAMS 0x0000000709d00000, 0x0000000709d00000| Untracked 
| 158|0x0000000709e00000, 0x0000000709e00000, 0x0000000709f00000|  0%| F|  |TAMS 0x0000000709e00000, 0x0000000709e00000| Untracked 
| 159|0x0000000709f00000, 0x0000000709f00000, 0x000000070a000000|  0%| F|  |TAMS 0x0000000709f00000, 0x0000000709f00000| Untracked 
| 160|0x000000070a000000, 0x000000070a000000, 0x000000070a100000|  0%| F|  |TAMS 0x000000070a000000, 0x000000070a000000| Untracked 
| 161|0x000000070a100000, 0x000000070a100000, 0x000000070a200000|  0%| F|  |TAMS 0x000000070a100000, 0x000000070a100000| Untracked 
| 162|0x000000070a200000, 0x000000070a200000, 0x000000070a300000|  0%| F|  |TAMS 0x000000070a200000, 0x000000070a200000| Untracked 
| 163|0x000000070a300000, 0x000000070a300000, 0x000000070a400000|  0%| F|  |TAMS 0x000000070a300000, 0x000000070a300000| Untracked 
| 164|0x000000070a400000, 0x000000070a400000, 0x000000070a500000|  0%| F|  |TAMS 0x000000070a400000, 0x000000070a400000| Untracked 
| 165|0x000000070a500000, 0x000000070a500000, 0x000000070a600000|  0%| F|  |TAMS 0x000000070a500000, 0x000000070a500000| Untracked 
| 166|0x000000070a600000, 0x000000070a600000, 0x000000070a700000|  0%| F|  |TAMS 0x000000070a600000, 0x000000070a600000| Untracked 
| 167|0x000000070a700000, 0x000000070a700000, 0x000000070a800000|  0%| F|  |TAMS 0x000000070a700000, 0x000000070a700000| Untracked 
| 168|0x000000070a800000, 0x000000070a800000, 0x000000070a900000|  0%| F|  |TAMS 0x000000070a800000, 0x000000070a800000| Untracked 
| 169|0x000000070a900000, 0x000000070a900000, 0x000000070aa00000|  0%| F|  |TAMS 0x000000070a900000, 0x000000070a900000| Untracked 
| 170|0x000000070aa00000, 0x000000070aa00000, 0x000000070ab00000|  0%| F|  |TAMS 0x000000070aa00000, 0x000000070aa00000| Untracked 
| 171|0x000000070ab00000, 0x000000070ab00000, 0x000000070ac00000|  0%| F|  |TAMS 0x000000070ab00000, 0x000000070ab00000| Untracked 
| 172|0x000000070ac00000, 0x000000070ac00000, 0x000000070ad00000|  0%| F|  |TAMS 0x000000070ac00000, 0x000000070ac00000| Untracked 
| 173|0x000000070ad00000, 0x000000070ad00000, 0x000000070ae00000|  0%| F|  |TAMS 0x000000070ad00000, 0x000000070ad00000| Untracked 
| 174|0x000000070ae00000, 0x000000070ae00000, 0x000000070af00000|  0%| F|  |TAMS 0x000000070ae00000, 0x000000070ae00000| Untracked 
| 175|0x000000070af00000, 0x000000070af00000, 0x000000070b000000|  0%| F|  |TAMS 0x000000070af00000, 0x000000070af00000| Untracked 
| 176|0x000000070b000000, 0x000000070b000000, 0x000000070b100000|  0%| F|  |TAMS 0x000000070b000000, 0x000000070b000000| Untracked 
| 177|0x000000070b100000, 0x000000070b100000, 0x000000070b200000|  0%| F|  |TAMS 0x000000070b100000, 0x000000070b100000| Untracked 
| 178|0x000000070b200000, 0x000000070b200000, 0x000000070b300000|  0%| F|  |TAMS 0x000000070b200000, 0x000000070b200000| Untracked 
| 179|0x000000070b300000, 0x000000070b300000, 0x000000070b400000|  0%| F|  |TAMS 0x000000070b300000, 0x000000070b300000| Untracked 
| 180|0x000000070b400000, 0x000000070b400000, 0x000000070b500000|  0%| F|  |TAMS 0x000000070b400000, 0x000000070b400000| Untracked 
| 181|0x000000070b500000, 0x000000070b500000, 0x000000070b600000|  0%| F|  |TAMS 0x000000070b500000, 0x000000070b500000| Untracked 
| 182|0x000000070b600000, 0x000000070b600000, 0x000000070b700000|  0%| F|  |TAMS 0x000000070b600000, 0x000000070b600000| Untracked 
| 183|0x000000070b700000, 0x000000070b700000, 0x000000070b800000|  0%| F|  |TAMS 0x000000070b700000, 0x000000070b700000| Untracked 
| 184|0x000000070b800000, 0x000000070b800000, 0x000000070b900000|  0%| F|  |TAMS 0x000000070b800000, 0x000000070b800000| Untracked 
| 185|0x000000070b900000, 0x000000070b900000, 0x000000070ba00000|  0%| F|  |TAMS 0x000000070b900000, 0x000000070b900000| Untracked 
| 186|0x000000070ba00000, 0x000000070ba00000, 0x000000070bb00000|  0%| F|  |TAMS 0x000000070ba00000, 0x000000070ba00000| Untracked 
| 187|0x000000070bb00000, 0x000000070bb00000, 0x000000070bc00000|  0%| F|  |TAMS 0x000000070bb00000, 0x000000070bb00000| Untracked 
| 188|0x000000070bc00000, 0x000000070bc00000, 0x000000070bd00000|  0%| F|  |TAMS 0x000000070bc00000, 0x000000070bc00000| Untracked 
| 189|0x000000070bd00000, 0x000000070bd00000, 0x000000070be00000|  0%| F|  |TAMS 0x000000070bd00000, 0x000000070bd00000| Untracked 
| 190|0x000000070be00000, 0x000000070be00000, 0x000000070bf00000|  0%| F|  |TAMS 0x000000070be00000, 0x000000070be00000| Untracked 
| 191|0x000000070bf00000, 0x000000070bf00000, 0x000000070c000000|  0%| F|  |TAMS 0x000000070bf00000, 0x000000070bf00000| Untracked 
| 192|0x000000070c000000, 0x000000070c000000, 0x000000070c100000|  0%| F|  |TAMS 0x000000070c000000, 0x000000070c000000| Untracked 
| 193|0x000000070c100000, 0x000000070c100000, 0x000000070c200000|  0%| F|  |TAMS 0x000000070c100000, 0x000000070c100000| Untracked 
| 194|0x000000070c200000, 0x000000070c200000, 0x000000070c300000|  0%| F|  |TAMS 0x000000070c200000, 0x000000070c200000| Untracked 
| 195|0x000000070c300000, 0x000000070c300000, 0x000000070c400000|  0%| F|  |TAMS 0x000000070c300000, 0x000000070c300000| Untracked 
| 196|0x000000070c400000, 0x000000070c400000, 0x000000070c500000|  0%| F|  |TAMS 0x000000070c400000, 0x000000070c400000| Untracked 
| 197|0x000000070c500000, 0x000000070c500000, 0x000000070c600000|  0%| F|  |TAMS 0x000000070c500000, 0x000000070c500000| Untracked 
| 198|0x000000070c600000, 0x000000070c600000, 0x000000070c700000|  0%| F|  |TAMS 0x000000070c600000, 0x000000070c600000| Untracked 
| 199|0x000000070c700000, 0x000000070c700000, 0x000000070c800000|  0%| F|  |TAMS 0x000000070c700000, 0x000000070c700000| Untracked 
| 200|0x000000070c800000, 0x000000070c800000, 0x000000070c900000|  0%| F|  |TAMS 0x000000070c800000, 0x000000070c800000| Untracked 
| 201|0x000000070c900000, 0x000000070c900000, 0x000000070ca00000|  0%| F|  |TAMS 0x000000070c900000, 0x000000070c900000| Untracked 
| 202|0x000000070ca00000, 0x000000070ca00000, 0x000000070cb00000|  0%| F|  |TAMS 0x000000070ca00000, 0x000000070ca00000| Untracked 
| 203|0x000000070cb00000, 0x000000070cb00000, 0x000000070cc00000|  0%| F|  |TAMS 0x000000070cb00000, 0x000000070cb00000| Untracked 
| 204|0x000000070cc00000, 0x000000070cc00000, 0x000000070cd00000|  0%| F|  |TAMS 0x000000070cc00000, 0x000000070cc00000| Untracked 
| 205|0x000000070cd00000, 0x000000070cd00000, 0x000000070ce00000|  0%| F|  |TAMS 0x000000070cd00000, 0x000000070cd00000| Untracked 
| 206|0x000000070ce00000, 0x000000070ce00000, 0x000000070cf00000|  0%| F|  |TAMS 0x000000070ce00000, 0x000000070ce00000| Untracked 
| 207|0x000000070cf00000, 0x000000070cf00000, 0x000000070d000000|  0%| F|  |TAMS 0x000000070cf00000, 0x000000070cf00000| Untracked 
| 208|0x000000070d000000, 0x000000070d080800, 0x000000070d100000| 50%| E|  |TAMS 0x000000070d000000, 0x000000070d000000| Complete 
| 209|0x000000070d100000, 0x000000070d200000, 0x000000070d200000|100%| E|CS|TAMS 0x000000070d100000, 0x000000070d100000| Complete 
| 210|0x000000070d200000, 0x000000070d300000, 0x000000070d300000|100%| E|CS|TAMS 0x000000070d200000, 0x000000070d200000| Complete 
| 211|0x000000070d300000, 0x000000070d400000, 0x000000070d400000|100%| E|CS|TAMS 0x000000070d300000, 0x000000070d300000| Complete 
| 212|0x000000070d400000, 0x000000070d500000, 0x000000070d500000|100%| E|CS|TAMS 0x000000070d400000, 0x000000070d400000| Complete 
| 213|0x000000070d500000, 0x000000070d600000, 0x000000070d600000|100%| E|CS|TAMS 0x000000070d500000, 0x000000070d500000| Complete 
| 214|0x000000070d600000, 0x000000070d700000, 0x000000070d700000|100%| E|CS|TAMS 0x000000070d600000, 0x000000070d600000| Complete 
| 215|0x000000070d700000, 0x000000070d800000, 0x000000070d800000|100%| E|CS|TAMS 0x000000070d700000, 0x000000070d700000| Complete 
| 216|0x000000070d800000, 0x000000070d900000, 0x000000070d900000|100%| E|CS|TAMS 0x000000070d800000, 0x000000070d800000| Complete 
| 217|0x000000070d900000, 0x000000070da00000, 0x000000070da00000|100%| E|CS|TAMS 0x000000070d900000, 0x000000070d900000| Complete 
| 218|0x000000070da00000, 0x000000070db00000, 0x000000070db00000|100%| E|CS|TAMS 0x000000070da00000, 0x000000070da00000| Complete 
| 219|0x000000070db00000, 0x000000070dc00000, 0x000000070dc00000|100%| E|CS|TAMS 0x000000070db00000, 0x000000070db00000| Complete 
| 220|0x000000070dc00000, 0x000000070dd00000, 0x000000070dd00000|100%| E|CS|TAMS 0x000000070dc00000, 0x000000070dc00000| Complete 
| 221|0x000000070dd00000, 0x000000070de00000, 0x000000070de00000|100%| E|CS|TAMS 0x000000070dd00000, 0x000000070dd00000| Complete 
| 222|0x000000070de00000, 0x000000070df00000, 0x000000070df00000|100%| E|CS|TAMS 0x000000070de00000, 0x000000070de00000| Complete 
| 223|0x000000070df00000, 0x000000070e000000, 0x000000070e000000|100%| E|CS|TAMS 0x000000070df00000, 0x000000070df00000| Complete 
| 224|0x000000070e000000, 0x000000070e100000, 0x000000070e100000|100%| E|CS|TAMS 0x000000070e000000, 0x000000070e000000| Complete 
| 225|0x000000070e100000, 0x000000070e200000, 0x000000070e200000|100%| E|CS|TAMS 0x000000070e100000, 0x000000070e100000| Complete 
| 226|0x000000070e200000, 0x000000070e300000, 0x000000070e300000|100%| E|CS|TAMS 0x000000070e200000, 0x000000070e200000| Complete 
| 227|0x000000070e300000, 0x000000070e400000, 0x000000070e400000|100%| E|CS|TAMS 0x000000070e300000, 0x000000070e300000| Complete 
| 228|0x000000070e400000, 0x000000070e500000, 0x000000070e500000|100%| E|CS|TAMS 0x000000070e400000, 0x000000070e400000| Complete 
| 229|0x000000070e500000, 0x000000070e600000, 0x000000070e600000|100%| S|CS|TAMS 0x000000070e500000, 0x000000070e500000| Complete 
| 230|0x000000070e600000, 0x000000070e700000, 0x000000070e700000|100%| S|CS|TAMS 0x000000070e600000, 0x000000070e600000| Complete 
| 231|0x000000070e700000, 0x000000070e800000, 0x000000070e800000|100%| S|CS|TAMS 0x000000070e700000, 0x000000070e700000| Complete 
| 232|0x000000070e800000, 0x000000070e900000, 0x000000070e900000|100%| E|CS|TAMS 0x000000070e800000, 0x000000070e800000| Complete 
| 233|0x000000070e900000, 0x000000070ea00000, 0x000000070ea00000|100%| E|CS|TAMS 0x000000070e900000, 0x000000070e900000| Complete 
| 234|0x000000070ea00000, 0x000000070eb00000, 0x000000070eb00000|100%| E|CS|TAMS 0x000000070ea00000, 0x000000070ea00000| Complete 
| 235|0x000000070eb00000, 0x000000070ec00000, 0x000000070ec00000|100%| E|CS|TAMS 0x000000070eb00000, 0x000000070eb00000| Complete 
| 236|0x000000070ec00000, 0x000000070ed00000, 0x000000070ed00000|100%| E|CS|TAMS 0x000000070ec00000, 0x000000070ec00000| Complete 
| 237|0x000000070ed00000, 0x000000070ee00000, 0x000000070ee00000|100%| E|CS|TAMS 0x000000070ed00000, 0x000000070ed00000| Complete 
| 238|0x000000070ee00000, 0x000000070ef00000, 0x000000070ef00000|100%| E|CS|TAMS 0x000000070ee00000, 0x000000070ee00000| Complete 
| 239|0x000000070ef00000, 0x000000070f000000, 0x000000070f000000|100%| E|CS|TAMS 0x000000070ef00000, 0x000000070ef00000| Complete 
| 240|0x000000070f000000, 0x000000070f100000, 0x000000070f100000|100%| E|CS|TAMS 0x000000070f000000, 0x000000070f000000| Complete 
| 241|0x000000070f100000, 0x000000070f200000, 0x000000070f200000|100%| E|CS|TAMS 0x000000070f100000, 0x000000070f100000| Complete 
| 242|0x000000070f200000, 0x000000070f300000, 0x000000070f300000|100%| E|CS|TAMS 0x000000070f200000, 0x000000070f200000| Complete 
| 243|0x000000070f300000, 0x000000070f400000, 0x000000070f400000|100%| E|CS|TAMS 0x000000070f300000, 0x000000070f300000| Complete 
| 244|0x000000070f400000, 0x000000070f500000, 0x000000070f500000|100%| E|CS|TAMS 0x000000070f400000, 0x000000070f400000| Complete 
| 245|0x000000070f500000, 0x000000070f600000, 0x000000070f600000|100%| E|CS|TAMS 0x000000070f500000, 0x000000070f500000| Complete 
| 246|0x000000070f600000, 0x000000070f700000, 0x000000070f700000|100%| E|CS|TAMS 0x000000070f600000, 0x000000070f600000| Complete 
| 247|0x000000070f700000, 0x000000070f800000, 0x000000070f800000|100%| E|CS|TAMS 0x000000070f700000, 0x000000070f700000| Complete 
| 248|0x000000070f800000, 0x000000070f900000, 0x000000070f900000|100%| E|CS|TAMS 0x000000070f800000, 0x000000070f800000| Complete 
| 249|0x000000070f900000, 0x000000070fa00000, 0x000000070fa00000|100%| E|CS|TAMS 0x000000070f900000, 0x000000070f900000| Complete 
| 250|0x000000070fa00000, 0x000000070fb00000, 0x000000070fb00000|100%| E|CS|TAMS 0x000000070fa00000, 0x000000070fa00000| Complete 
| 251|0x000000070fb00000, 0x000000070fc00000, 0x000000070fc00000|100%| E|CS|TAMS 0x000000070fb00000, 0x000000070fb00000| Complete 
| 252|0x000000070fc00000, 0x000000070fd00000, 0x000000070fd00000|100%| E|CS|TAMS 0x000000070fc00000, 0x000000070fc00000| Complete 
| 253|0x000000070fd00000, 0x000000070fe00000, 0x000000070fe00000|100%| E|CS|TAMS 0x000000070fd00000, 0x000000070fd00000| Complete 
| 254|0x000000070fe00000, 0x000000070ff00000, 0x000000070ff00000|100%| E|CS|TAMS 0x000000070fe00000, 0x000000070fe00000| Complete 
| 255|0x000000070ff00000, 0x0000000710000000, 0x0000000710000000|100%| E|CS|TAMS 0x000000070ff00000, 0x000000070ff00000| Complete 

Card table byte_map: [0x0000000124eaa000,0x00000001256aa000] _byte_map_base: 0x00000001216aa000

Marking Bits (Prev, Next): (CMBitMap*) 0x00007f94e0014818, (CMBitMap*) 0x00007f94e0014850
 Prev Bits: [0x0000000125eaa000, 0x0000000129eaa000)
 Next Bits: [0x0000000129eaa000, 0x000000012deaa000)

Polling page: 0x0000000102423000

Metaspace:

Usage:
  Non-class:     14.63 MB capacity,    14.46 MB ( 99%) used,   155.50 KB (  1%) free+waste,    17.44 KB ( <1%) overhead. 
      Class:      1.45 MB capacity,     1.41 MB ( 98%) used,    26.37 KB (  2%) free+waste,     6.00 KB ( <1%) overhead. 
       Both:     16.08 MB capacity,    15.88 MB ( 99%) used,   181.87 KB (  1%) free+waste,    23.44 KB ( <1%) overhead. 

Virtual space:
  Non-class space:       16.00 MB reserved,      15.00 MB ( 94%) committed 
      Class space:        1.00 GB reserved,       1.50 MB ( <1%) committed 
             Both:        1.02 GB reserved,      16.50 MB (  2%) committed 

Chunk freelists:
   Non-Class:  22.88 KB
       Class:  3.00 KB
        Both:  25.88 KB

CodeHeap 'non-profiled nmethods': size=120032Kb used=636Kb max_used=636Kb free=119395Kb
 bounds [0x000000011d972000, 0x000000011dbe2000, 0x0000000124eaa000]
CodeHeap 'profiled nmethods': size=120028Kb used=3037Kb max_used=3037Kb free=116990Kb
 bounds [0x000000011643b000, 0x000000011673b000, 0x000000011d972000]
CodeHeap 'non-nmethods': size=5700Kb used=1147Kb max_used=1186Kb free=4552Kb
 bounds [0x0000000115eaa000, 0x000000011611a000, 0x000000011643b000]
 total_blobs=1727 nmethods=1317 adapters=332
 compilation: enabled
              stopped_count=0, restarted_count=0
 full_count=0

Compilation events (10 events):
Event: 449.858 Thread 0x00007f94d7872000 1312       3       org.eclipse.jdt.launching.internal.org.objectweb.asm.AnnotationWriter::putAnnotations (110 bytes)
Event: 449.859 Thread 0x00007f94d7872000 nmethod 1312 0x000000011672a810 code [0x000000011672aa20, 0x000000011672ae40]
Event: 1203.259 Thread 0x00007f94d7872000 1313       3       org.eclipse.jdt.launching.internal.org.objectweb.asm.AnnotationWriter::visit (935 bytes)
Event: 1203.261 Thread 0x00007f94d7872000 nmethod 1313 0x000000011672b110 code [0x000000011672b7e0, 0x000000011672f8b0]
Event: 1203.266 Thread 0x00007f94d7872000 1314       3       org.eclipse.jdt.launching.internal.org.objectweb.asm.AnnotationWriter::computeAnnotationsSize (42 bytes)
Event: 1203.266 Thread 0x00007f94d7872000 nmethod 1314 0x0000000116731090 code [0x0000000116731240, 0x00000001167314a0]
Event: 6374.298 Thread 0x00007f94d7872000 1316       3       org.eclipse.jdt.launching.internal.org.objectweb.asm.SymbolTable::addConstantIntegerOrFloat (21 bytes)
Event: 6374.298 Thread 0x00007f94d7872000 nmethod 1316 0x0000000116731610 code [0x00000001167317e0, 0x0000000116731b10]
Event: 6481.269 Thread 0x00007f94d7872000 1317       3       java.lang.ref.ReferenceQueue::reallyPoll (65 bytes)
Event: 6481.271 Thread 0x00007f94d7872000 nmethod 1317 0x0000000116731c90 code [0x0000000116731e60, 0x0000000116732390]

GC Heap History (2 events):
Event: 0.857 GC heap before
{Heap before GC invocations=0 (full 0):
 garbage-first heap   total 262144K, used 24576K [0x0000000700000000, 0x0000000800000000)
  region size 1024K, 24 young (24576K), 0 survivors (0K)
 Metaspace       used 8674K, capacity 8755K, committed 8960K, reserved 1056768K
  class space    used 742K, capacity 763K, committed 768K, reserved 1048576K
}
Event: 0.865 GC heap after
{Heap after GC invocations=1 (full 0):
 garbage-first heap   total 262144K, used 6935K [0x0000000700000000, 0x0000000800000000)
  region size 1024K, 3 young (3072K), 3 survivors (3072K)
 Metaspace       used 8674K, capacity 8755K, committed 8960K, reserved 1056768K
  class space    used 742K, capacity 763K, committed 768K, reserved 1048576K
}

Deoptimization events (10 events):
Event: 1.064 Thread 0x00007f94e000b800 Uncommon trap: reason=unstable_if action=reinterpret pc=0x000000011d97b550 method=java.lang.String.isLatin1()Z @ 10 c2
Event: 1.065 Thread 0x00007f94e000b800 Uncommon trap: reason=unstable_if action=reinterpret pc=0x000000011d97367c method=java.lang.String.isLatin1()Z @ 10 c2
Event: 1.068 Thread 0x00007f94e000b800 Uncommon trap: reason=unstable_if action=reinterpret pc=0x000000011d9732f0 method=java.lang.String.isLatin1()Z @ 10 c2
Event: 1.114 Thread 0x00007f94e000b800 Uncommon trap: reason=bimorphic_or_optimized_type_check action=maybe_recompile pc=0x000000011d97e294 method=java.util.AbstractCollection.isEmpty()Z @ 1 c2
Event: 1.114 Thread 0x00007f94e000b800 Uncommon trap: reason=bimorphic_or_optimized_type_check action=maybe_recompile pc=0x000000011d97e294 method=java.util.AbstractCollection.isEmpty()Z @ 1 c2
Event: 1.116 Thread 0x00007f94e000b800 Uncommon trap: reason=bimorphic_or_optimized_type_check action=maybe_recompile pc=0x000000011d97e294 method=java.util.AbstractCollection.isEmpty()Z @ 1 c2
Event: 1.116 Thread 0x00007f94e000b800 Uncommon trap: reason=bimorphic_or_optimized_type_check action=maybe_recompile pc=0x000000011d97e294 method=java.util.AbstractCollection.isEmpty()Z @ 1 c2
Event: 1.142 Thread 0x00007f94e000b800 Uncommon trap: reason=null_check action=make_not_entrant pc=0x000000011d9b7968 method=jdk.internal.loader.URLClassPath.getLoader(I)Ljdk/internal/loader/URLClassPath$Loader; @ 36 c2
Event: 1.426 Thread 0x00007f94e000b800 Uncommon trap: reason=unstable_if action=reinterpret pc=0x000000011d999e30 method=java.lang.StringCoding.hasNegatives([BII)Z @ 12 c2
Event: 1.426 Thread 0x00007f94e000b800 Uncommon trap: reason=unstable_if action=reinterpret pc=0x000000011d97d4b8 method=java.lang.String.isLatin1()Z @ 10 c2

Classes redefined (10 events):
Event: 4605.046 Thread 0x00007f94d7860800 redefined class name=soluteTransport.TestSoluteAdvectionDispersion, count=6
Event: 5917.482 Thread 0x00007f94d7860800 redefined class name=soluteTransport.TestSoluteAdvectionDispersion, count=7
Event: 6213.848 Thread 0x00007f94d7860800 redefined class name=soluteTransport.TestSoluteAdvectionDispersion, count=8
Event: 6374.322 Thread 0x00007f94d7860800 redefined class name=soluteTransport.TestSoluteAdvectionDispersion, count=9
Event: 6658.849 Thread 0x00007f94d7860800 redefined class name=soluteTransport.TestSoluteAdvectionDispersion, count=10
Event: 6745.431 Thread 0x00007f94d7860800 redefined class name=soluteTransport.TestSoluteAdvectionDispersion, count=11
Event: 6971.405 Thread 0x00007f94d7860800 redefined class name=soluteTransport.TestSoluteAdvectionDispersion, count=12
Event: 7106.522 Thread 0x00007f94d7860800 redefined class name=soluteTransport.TestSoluteAdvectionDispersion, count=13
Event: 7264.837 Thread 0x00007f94d7860800 redefined class name=soluteTransport.TestSoluteAdvectionDispersion, count=14
Event: 7352.369 Thread 0x00007f94d7860800 redefined class name=soluteTransport.TestSoluteAdvectionDispersion, count=15

Internal exceptions (10 events):
Event: 1.626 Thread 0x00007f94e000b800 Exception <a 'java/security/PrivilegedActionException'{0x000000070d32bb10}> (0x000000070d32bb10) thrown at [./open/src/hotspot/share/prims/jvm.cpp, line 1305]
Event: 1.626 Thread 0x00007f94e000b800 Exception <a 'java/security/PrivilegedActionException'{0x000000070d32c088}> (0x000000070d32c088) thrown at [./open/src/hotspot/share/prims/jvm.cpp, line 1305]
Event: 1.626 Thread 0x00007f94e000b800 Exception <a 'java/security/PrivilegedActionException'{0x000000070d3594c8}> (0x000000070d3594c8) thrown at [./open/src/hotspot/share/prims/jvm.cpp, line 1305]
Event: 1.626 Thread 0x00007f94e000b800 Exception <a 'java/security/PrivilegedActionException'{0x000000070d359a40}> (0x000000070d359a40) thrown at [./open/src/hotspot/share/prims/jvm.cpp, line 1305]
Event: 1.627 Thread 0x00007f94e000b800 Exception <a 'java/security/PrivilegedActionException'{0x000000070d362890}> (0x000000070d362890) thrown at [./open/src/hotspot/share/prims/jvm.cpp, line 1305]
Event: 1.627 Thread 0x00007f94e000b800 Exception <a 'java/security/PrivilegedActionException'{0x000000070d362e08}> (0x000000070d362e08) thrown at [./open/src/hotspot/share/prims/jvm.cpp, line 1305]
Event: 1.627 Thread 0x00007f94e000b800 Exception <a 'java/security/PrivilegedActionException'{0x000000070d370578}> (0x000000070d370578) thrown at [./open/src/hotspot/share/prims/jvm.cpp, line 1305]
Event: 1.627 Thread 0x00007f94e000b800 Exception <a 'java/security/PrivilegedActionException'{0x000000070d370af0}> (0x000000070d370af0) thrown at [./open/src/hotspot/share/prims/jvm.cpp, line 1305]
Event: 1.627 Thread 0x00007f94e000b800 Exception <a 'java/security/PrivilegedActionException'{0x000000070d383f90}> (0x000000070d383f90) thrown at [./open/src/hotspot/share/prims/jvm.cpp, line 1305]
Event: 1.627 Thread 0x00007f94e000b800 Exception <a 'java/security/PrivilegedActionException'{0x000000070d3847b0}> (0x000000070d3847b0) thrown at [./open/src/hotspot/share/prims/jvm.cpp, line 1305]

Events (10 events):
Event: 7352.543 Executing VM operation: GetFrameLocation done
Event: 7352.543 Executing VM operation: GetOrSetLocal
Event: 7352.543 Executing VM operation: GetOrSetLocal done
Event: 7352.543 Executing VM operation: GetFrameLocation
Event: 7352.543 Executing VM operation: GetFrameLocation done
Event: 7352.543 Executing VM operation: GetOrSetLocal
Event: 7352.543 Executing VM operation: GetOrSetLocal done
Event: 7496.591 Executing VM operation: GetFrameLocation
Event: 7496.591 Executing VM operation: GetFrameLocation done
Event: 7496.591 Executing VM operation: GetOrSetLocal


Dynamic libraries:
0x000000010aa50000 	/Library/Java/JavaVirtualMachines/jdk-11.0.12.jdk/Contents/Home/lib/jli/libjli.dylib
0x00007ff8280c8000 	/System/Library/Frameworks/Cocoa.framework/Versions/A/Cocoa
0x00007ff8139c6000 	/System/Library/Frameworks/AppKit.framework/Versions/C/AppKit
0x00007ff816f25000 	/System/Library/Frameworks/CoreData.framework/Versions/A/CoreData
0x00007ff811ddd000 	/System/Library/Frameworks/Foundation.framework/Versions/C/Foundation
0x00007ff81c141000 	/usr/lib/libSystem.B.dylib
0x00007ff814858000 	/System/Library/PrivateFrameworks/UIFoundation.framework/Versions/A/UIFoundation
0x00007ff822074000 	/System/Library/PrivateFrameworks/RemoteViewServices.framework/Versions/A/RemoteViewServices
0x00007ff81a414000 	/System/Library/PrivateFrameworks/XCTTargetBootstrap.framework/Versions/A/XCTTargetBootstrap
0x00007ff81e00d000 	/System/Library/PrivateFrameworks/InternationalSupport.framework/Versions/A/InternationalSupport
0x00007ff81e097000 	/System/Library/PrivateFrameworks/UserActivity.framework/Versions/A/UserActivity
0x00007ff81d3f4000 	/usr/lib/libspindump.dylib
0x00007ff814ae6000 	/System/Library/Frameworks/UniformTypeIdentifiers.framework/Versions/A/UniformTypeIdentifiers
0x00007ff818b4d000 	/usr/lib/libapp_launch_measurement.dylib
0x00007ff817901000 	/System/Library/PrivateFrameworks/CoreAnalytics.framework/Versions/A/CoreAnalytics
0x00007ff818b50000 	/System/Library/PrivateFrameworks/CoreAutoLayout.framework/Versions/A/CoreAutoLayout
0x00007ff819d70000 	/System/Library/Frameworks/Metal.framework/Versions/A/Metal
0x00007ff81aa8c000 	/usr/lib/liblangid.dylib
0x00007ff81a418000 	/System/Library/PrivateFrameworks/CoreSVG.framework/Versions/A/CoreSVG
0x00007ff815ead000 	/System/Library/PrivateFrameworks/SkyLight.framework/Versions/A/SkyLight
0x00007ff816243000 	/System/Library/Frameworks/CoreGraphics.framework/Versions/A/CoreGraphics
0x00007ff8226e3000 	/System/Library/Frameworks/Accelerate.framework/Versions/A/Accelerate
0x00007ff81ce6f000 	/System/Library/PrivateFrameworks/IconServices.framework/Versions/A/IconServices
0x00007ff819d55000 	/System/Library/Frameworks/IOSurface.framework/Versions/A/IOSurface
0x00007ff81792f000 	/usr/lib/libDiagnosticMessagesClient.dylib
0x00007ff81c05b000 	/usr/lib/libz.1.dylib
0x00007ff825d54000 	/System/Library/Frameworks/ApplicationServices.framework/Versions/A/ApplicationServices
0x00007ff81a400000 	/System/Library/PrivateFrameworks/DFRFoundation.framework/Versions/A/DFRFoundation
0x00007ff8132b7000 	/usr/lib/libicucore.A.dylib
0x00007ff81ed32000 	/System/Library/Frameworks/AudioToolbox.framework/Versions/A/AudioToolbox
0x00007ff81e019000 	/System/Library/PrivateFrameworks/DataDetectorsCore.framework/Versions/A/DataDetectorsCore
0x00007ff91990b000 	/System/Library/PrivateFrameworks/TextInput.framework/Versions/A/TextInput
0x00007ff815e31000 	/usr/lib/libMobileGestalt.dylib
0x00007ff81a108000 	/System/Library/Frameworks/Carbon.framework/Versions/A/Frameworks/HIToolbox.framework/Versions/A/HIToolbox
0x00007ff81857a000 	/System/Library/Frameworks/QuartzCore.framework/Versions/A/QuartzCore
0x00007ff812f57000 	/System/Library/Frameworks/Security.framework/Versions/A/Security
0x00007ff8220ac000 	/System/Library/Frameworks/Carbon.framework/Versions/A/Frameworks/SpeechRecognition.framework/Versions/A/SpeechRecognition
0x00007ff8188ad000 	/System/Library/PrivateFrameworks/CoreUI.framework/Versions/A/CoreUI
0x00007ff81282f000 	/System/Library/Frameworks/CoreAudio.framework/Versions/A/CoreAudio
0x00007ff817a1d000 	/System/Library/Frameworks/DiskArbitration.framework/Versions/A/DiskArbitration
0x00007ff81d7d7000 	/System/Library/PrivateFrameworks/MultitouchSupport.framework/Versions/A/MultitouchSupport
0x00007ff815e30000 	/usr/lib/libenergytrace.dylib
0x00007ff8138b2000 	/System/Library/Frameworks/IOKit.framework/Versions/A/IOKit
0x00007ff822498000 	/System/Library/Frameworks/CoreServices.framework/Versions/A/CoreServices
0x00007ff818ae7000 	/System/Library/PrivateFrameworks/PerformanceAnalysis.framework/Versions/A/PerformanceAnalysis
0x00007ffa293f2000 	/System/Library/Frameworks/OpenGL.framework/Versions/A/OpenGL
0x00007ff81b688000 	/System/Library/PrivateFrameworks/MobileKeyBag.framework/Versions/A/MobileKeyBag
0x00007ff810e75000 	/usr/lib/libobjc.A.dylib
0x00007ff816972000 	/System/Library/Frameworks/ColorSync.framework/Versions/A/ColorSync
0x00007ff811031000 	/System/Library/Frameworks/CoreFoundation.framework/Versions/A/CoreFoundation
0x00007ff81a693000 	/System/Library/Frameworks/CoreImage.framework/Versions/A/CoreImage
0x00007ff812645000 	/System/Library/Frameworks/CoreText.framework/Versions/A/CoreText
0x00007ff81a447000 	/System/Library/Frameworks/ImageIO.framework/Versions/A/ImageIO
0x00007ff81c147000 	/System/Library/PrivateFrameworks/SoftLinking.framework/Versions/A/SoftLinking
0x00007ff818b98000 	/usr/lib/libxml2.2.dylib
0x00007ff810f3e000 	/usr/lib/libc++.1.dylib
0x00007ff81c3c8000 	/usr/lib/libcompression.dylib
0x00007ff81df43000 	/System/Library/PrivateFrameworks/TextureIO.framework/Versions/A/TextureIO
0x00007ff81cae8000 	/usr/lib/libate.dylib
0x00007ff81c13c000 	/usr/lib/system/libcache.dylib
0x00007ff81c0f8000 	/usr/lib/system/libcommonCrypto.dylib
0x00007ff81c121000 	/usr/lib/system/libcompiler_rt.dylib
0x00007ff81c117000 	/usr/lib/system/libcopyfile.dylib
0x00007ff810d6f000 	/usr/lib/system/libcorecrypto.dylib
0x00007ff810e2e000 	/usr/lib/system/libdispatch.dylib
0x00007ff810ff0000 	/usr/lib/system/libdyld.dylib
0x00007ff81c133000 	/usr/lib/system/libkeymgr.dylib
0x00007ff81c0d6000 	/usr/lib/system/libmacho.dylib
0x00007ff81b75c000 	/usr/lib/system/libquarantine.dylib
0x00007ff81c131000 	/usr/lib/system/libremovefile.dylib
0x00007ff815e7d000 	/usr/lib/system/libsystem_asl.dylib
0x00007ff810d1d000 	/usr/lib/system/libsystem_blocks.dylib
0x00007ff810eb5000 	/usr/lib/system/libsystem_c.dylib
0x00007ff81c129000 	/usr/lib/system/libsystem_collections.dylib
0x00007ff81aa7d000 	/usr/lib/system/libsystem_configuration.dylib
0x00007ff819d38000 	/usr/lib/system/libsystem_containermanager.dylib
0x00007ff81be0d000 	/usr/lib/system/libsystem_coreservices.dylib
0x00007ff813540000 	/usr/lib/system/libsystem_darwin.dylib
0x00007ff81c134000 	/usr/lib/system/libsystem_dnssd.dylib
0x00007ff810eb2000 	/usr/lib/system/libsystem_featureflags.dylib
0x00007ff811006000 	/usr/lib/system/libsystem_info.dylib
0x00007ff81c06e000 	/usr/lib/system/libsystem_m.dylib
0x00007ff810e02000 	/usr/lib/system/libsystem_malloc.dylib
0x00007ff815e1a000 	/usr/lib/system/libsystem_networkextension.dylib
0x00007ff813968000 	/usr/lib/system/libsystem_notify.dylib
0x00007ff82236d000 	/usr/lib/system/libsystem_product_info_filter.dylib
0x00007ff81aa81000 	/usr/lib/system/libsystem_sandbox.dylib
0x00007ff81c12e000 	/usr/lib/system/libsystem_secinit.dylib
0x00007ff810fad000 	/usr/lib/system/libsystem_kernel.dylib
0x00007ff810ffc000 	/usr/lib/system/libsystem_platform.dylib
0x00007ff810fe4000 	/usr/lib/system/libsystem_pthread.dylib
0x00007ff817748000 	/usr/lib/system/libsystem_symptoms.dylib
0x00007ff810d56000 	/usr/lib/system/libsystem_trace.dylib
0x00007ff81c104000 	/usr/lib/system/libunwind.dylib
0x00007ff810d1f000 	/usr/lib/system/libxpc.dylib
0x00007ff810f97000 	/usr/lib/libc++abi.dylib
0x00007ff81c10f000 	/usr/lib/liboah.dylib
0x00007ff81c8a1000 	/usr/lib/liblzma.5.dylib
0x00007ff811aee000 	/System/Library/Frameworks/SystemConfiguration.framework/Versions/A/SystemConfiguration
0x00007ff81c143000 	/usr/lib/libfakelink.dylib
0x00007ff815983000 	/System/Library/Frameworks/CFNetwork.framework/Versions/A/CFNetwork
0x00007ff81c282000 	/usr/lib/libarchive.2.dylib
0x00007ff81aa88000 	/System/Library/PrivateFrameworks/AppleSystemInfo.framework/Versions/A/AppleSystemInfo
0x00007ff81b783000 	/usr/lib/libbsm.0.dylib
0x00007ff814fb9000 	/usr/lib/libnetwork.dylib
0x00007ff81c0dc000 	/usr/lib/system/libkxld.dylib
0x00007ff81b3b1000 	/System/Library/PrivateFrameworks/IOMobileFramebuffer.framework/Versions/A/IOMobileFramebuffer
0x00007ffb2705e000 	/usr/lib/libCoreEntitlements.dylib
0x00007ff81bdef000 	/System/Library/PrivateFrameworks/AppleFSCompression.framework/Versions/A/AppleFSCompression
0x00007ff81b76b000 	/usr/lib/libcoretls.dylib
0x00007ff81c8bb000 	/usr/lib/libcoretls_cfhelpers.dylib
0x00007ff81c3c3000 	/usr/lib/libpam.2.dylib
0x00007ff81736e000 	/usr/lib/libsqlite3.dylib
0x00007ff81c92a000 	/usr/lib/libxar.1.dylib
0x00007ff81bdff000 	/usr/lib/libbz2.1.0.dylib
0x00007ff81c148000 	/usr/lib/libpcap.A.dylib
0x00007ff81773f000 	/usr/lib/libdns_services.dylib
0x00007ff81c395000 	/usr/lib/libapple_nghttp2.dylib
0x00007ff81c17f000 	/usr/lib/libiconv.2.dylib
0x00007ff81c0d5000 	/usr/lib/libcharset.1.dylib
0x00007ff818b1b000 	/System/Library/Frameworks/CoreServices.framework/Versions/A/Frameworks/FSEvents.framework/Versions/A/FSEvents
0x00007ff81354a000 	/System/Library/Frameworks/CoreServices.framework/Versions/A/Frameworks/CarbonCore.framework/Versions/A/CarbonCore
0x00007ff817982000 	/System/Library/Frameworks/CoreServices.framework/Versions/A/Frameworks/Metadata.framework/Versions/A/Metadata
0x00007ff81be12000 	/System/Library/Frameworks/CoreServices.framework/Versions/A/Frameworks/OSServices.framework/Versions/A/OSServices
0x00007ff81c309000 	/System/Library/Frameworks/CoreServices.framework/Versions/A/Frameworks/SearchKit.framework/Versions/A/SearchKit
0x00007ff8176d1000 	/System/Library/Frameworks/CoreServices.framework/Versions/A/Frameworks/AE.framework/Versions/A/AE
0x00007ff811532000 	/System/Library/Frameworks/CoreServices.framework/Versions/A/Frameworks/LaunchServices.framework/Versions/A/LaunchServices
0x00007ff81c852000 	/System/Library/Frameworks/CoreServices.framework/Versions/A/Frameworks/DictionaryServices.framework/Versions/A/DictionaryServices
0x00007ff818b28000 	/System/Library/Frameworks/CoreServices.framework/Versions/A/Frameworks/SharedFileList.framework/Versions/A/SharedFileList
0x00007ff81b75f000 	/usr/lib/libCheckFix.dylib
0x00007ff815e94000 	/System/Library/PrivateFrameworks/TCC.framework/Versions/A/TCC
0x00007ff81aa8e000 	/System/Library/PrivateFrameworks/CoreNLP.framework/Versions/A/CoreNLP
0x00007ff817932000 	/System/Library/PrivateFrameworks/MetadataUtilities.framework/Versions/A/MetadataUtilities
0x00007ff811b9e000 	/usr/lib/libmecabra.dylib
0x00007ff81b793000 	/usr/lib/libmecab.dylib
0x00007ff811b69000 	/usr/lib/libCRFSuite.dylib
0x00007ff81b7f0000 	/usr/lib/libgermantok.dylib
0x00007ff81c370000 	/usr/lib/libThaiTokenizer.dylib
0x00007ff817a24000 	/System/Library/Frameworks/Accelerate.framework/Versions/A/Frameworks/vImage.framework/Versions/A/vImage
0x00007ff82246f000 	/System/Library/Frameworks/Accelerate.framework/Versions/A/Frameworks/vecLib.framework/Versions/A/vecLib
0x00007ff81c96b000 	/System/Library/Frameworks/Accelerate.framework/Versions/A/Frameworks/vecLib.framework/Versions/A/libvMisc.dylib
0x00007ff81b1a5000 	/System/Library/Frameworks/Accelerate.framework/Versions/A/Frameworks/vecLib.framework/Versions/A/libvDSP.dylib
0x00007ff8118aa000 	/System/Library/Frameworks/Accelerate.framework/Versions/A/Frameworks/vecLib.framework/Versions/A/libBLAS.dylib
0x00007ff81c4a5000 	/System/Library/Frameworks/Accelerate.framework/Versions/A/Frameworks/vecLib.framework/Versions/A/libLAPACK.dylib
0x00007ff81b7f3000 	/System/Library/Frameworks/Accelerate.framework/Versions/A/Frameworks/vecLib.framework/Versions/A/libLinearAlgebra.dylib
0x00007ff81c3ae000 	/System/Library/Frameworks/Accelerate.framework/Versions/A/Frameworks/vecLib.framework/Versions/A/libSparseBLAS.dylib
0x00007ff81c49f000 	/System/Library/Frameworks/Accelerate.framework/Versions/A/Frameworks/vecLib.framework/Versions/A/libQuadrature.dylib
0x00007ff81ab78000 	/System/Library/Frameworks/Accelerate.framework/Versions/A/Frameworks/vecLib.framework/Versions/A/libBNNS.dylib
0x00007ff811a7f000 	/System/Library/Frameworks/Accelerate.framework/Versions/A/Frameworks/vecLib.framework/Versions/A/libSparse.dylib
0x00007ff81ab71000 	/System/Library/PrivateFrameworks/LinguisticData.framework/Versions/A/LinguisticData
0x00007ff811a34000 	/System/Library/PrivateFrameworks/Lexicon.framework/Versions/A/Lexicon
0x00007ff81c964000 	/usr/lib/libChineseTokenizer.dylib
0x00007ff812198000 	/System/Library/PrivateFrameworks/LanguageModeling.framework/Versions/A/LanguageModeling
0x00007ff81c372000 	/System/Library/PrivateFrameworks/AppleSauce.framework/Versions/A/AppleSauce
0x00007ff81b39f000 	/System/Library/PrivateFrameworks/CoreEmoji.framework/Versions/A/CoreEmoji
0x00007ff81c271000 	/usr/lib/libcmph.dylib
0x00007ff818aff000 	/System/Library/Frameworks/OpenDirectory.framework/Versions/A/Frameworks/CFOpenDirectory.framework/Versions/A/CFOpenDirectory
0x00007ff818af3000 	/System/Library/Frameworks/OpenDirectory.framework/Versions/A/OpenDirectory
0x00007ff81c8bd000 	/System/Library/PrivateFrameworks/APFS.framework/Versions/A/APFS
0x00007ff81b6c0000 	/System/Library/Frameworks/SecurityFoundation.framework/Versions/A/SecurityFoundation
0x00007ff81c938000 	/usr/lib/libutil.dylib
0x00007ff813875000 	/System/Library/PrivateFrameworks/CoreServicesStore.framework/Versions/A/CoreServicesStore
0x00007ff81c93c000 	/usr/lib/libxslt.1.dylib
0x00007ff81b74d000 	/System/Library/PrivateFrameworks/BackgroundTaskManagement.framework/Versions/A/BackgroundTaskManagement
0x00007ff81de65000 	/System/Library/Frameworks/ImageIO.framework/Versions/A/Resources/libRadiance.dylib
0x00007ff81de6e000 	/System/Library/Frameworks/ImageIO.framework/Versions/A/Resources/libJPEG.dylib
0x00007ff81ddbf000 	/System/Library/Frameworks/ImageIO.framework/Versions/A/Resources/libPng.dylib
0x00007ff81dde0000 	/System/Library/Frameworks/ImageIO.framework/Versions/A/Resources/libTIFF.dylib
0x00007ff81decc000 	/System/Library/Frameworks/ImageIO.framework/Versions/A/Resources/libGIF.dylib
0x00007ff81d6f4000 	/System/Library/Frameworks/ImageIO.framework/Versions/A/Resources/libJP2.dylib
0x00007ff81ce36000 	/usr/lib/libexpat.1.dylib
0x00007ff81d6a9000 	/System/Library/PrivateFrameworks/AppleJPEG.framework/Versions/A/AppleJPEG
0x00007ff819fcb000 	/System/Library/PrivateFrameworks/FontServices.framework/libFontParser.dylib
0x00007ff81767b000 	/System/Library/PrivateFrameworks/RunningBoardServices.framework/Versions/A/RunningBoardServices
0x00007ff828644000 	/System/Library/PrivateFrameworks/IOSurfaceAccelerator.framework/Versions/A/IOSurfaceAccelerator
0x00007ff81d7d3000 	/System/Library/PrivateFrameworks/WatchdogClient.framework/Versions/A/WatchdogClient
0x00007ff812287000 	/System/Library/Frameworks/CoreDisplay.framework/Versions/A/CoreDisplay
0x00007ff819eca000 	/System/Library/Frameworks/CoreMedia.framework/Versions/A/CoreMedia
0x00007ff819d67000 	/System/Library/PrivateFrameworks/IOAccelerator.framework/Versions/A/IOAccelerator
0x00007ff818c7b000 	/System/Library/Frameworks/CoreVideo.framework/Versions/A/CoreVideo
0x00007ff81c3c1000 	/System/Library/Frameworks/MetalPerformanceShaders.framework/Versions/A/MetalPerformanceShaders
0x00007ff81d80e000 	/System/Library/Frameworks/VideoToolbox.framework/Versions/A/VideoToolbox
0x00007ff8175c3000 	/System/Library/PrivateFrameworks/BaseBoard.framework/Versions/A/BaseBoard
0x00007ff817354000 	/System/Library/PrivateFrameworks/ProtocolBuffer.framework/Versions/A/ProtocolBuffer
0x00007ff81de5e000 	/System/Library/PrivateFrameworks/GPUWrangler.framework/Versions/A/GPUWrangler
0x00007ff81de41000 	/System/Library/PrivateFrameworks/IOPresentment.framework/Versions/A/IOPresentment
0x00007ff81de68000 	/System/Library/PrivateFrameworks/DSExternalDisplay.framework/Versions/A/DSExternalDisplay
0x00007ffa293e6000 	/System/Library/Frameworks/OpenGL.framework/Versions/A/Libraries/libCoreFSCache.dylib
0x00007ffb152ce000 	/System/Library/PrivateFrameworks/GPUCompiler.framework/Versions/31001/Libraries/libGPUCompilerUtils.dylib
0x00007ff81ded1000 	/System/Library/PrivateFrameworks/CMCaptureCore.framework/Versions/A/CMCaptureCore
0x00007ff81d3e2000 	/System/Library/PrivateFrameworks/AppServerSupport.framework/Versions/A/AppServerSupport
0x00007ff81f5b8000 	/System/Library/PrivateFrameworks/perfdata.framework/Versions/A/perfdata
0x00007ff8123b3000 	/System/Library/PrivateFrameworks/AudioToolboxCore.framework/Versions/A/AudioToolboxCore
0x00007ff819ea7000 	/System/Library/PrivateFrameworks/caulk.framework/Versions/A/caulk
0x00007ff81eedc000 	/usr/lib/libAudioStatistics.dylib
0x00007ff916199000 	/System/Library/PrivateFrameworks/SystemPolicy.framework/Versions/A/SystemPolicy
0x00007ff81f131000 	/usr/lib/libSMC.dylib
0x00007ff827f7b000 	/System/Library/Frameworks/CoreMIDI.framework/Versions/A/CoreMIDI
0x00007ff81dd8f000 	/usr/lib/libAudioToolboxUtility.dylib
0x00007ff9125ab000 	/System/Library/PrivateFrameworks/OSAServicesClient.framework/Versions/A/OSAServicesClient
0x00007ff81f5c5000 	/usr/lib/libperfcheck.dylib
0x00007ff916c2b000 	/usr/lib/libmis.dylib
0x00007ffa29442000 	/System/Library/Frameworks/OpenGL.framework/Versions/A/Libraries/libGLU.dylib
0x00007ffa29405000 	/System/Library/Frameworks/OpenGL.framework/Versions/A/Libraries/libGFXShared.dylib
0x00007ffa29613000 	/System/Library/Frameworks/OpenGL.framework/Versions/A/Libraries/libGL.dylib
0x00007ffa2940e000 	/System/Library/Frameworks/OpenGL.framework/Versions/A/Libraries/libGLImage.dylib
0x00007ffa29402000 	/System/Library/Frameworks/OpenGL.framework/Versions/A/Libraries/libCVMSPluginSupport.dylib
0x00007ffa293ed000 	/System/Library/Frameworks/OpenGL.framework/Versions/A/Libraries/libCoreVMClient.dylib
0x00007ff81aa0c000 	/System/Library/Frameworks/MetalPerformanceShaders.framework/Versions/A/Frameworks/MPSCore.framework/Versions/A/MPSCore
0x00007ff81bd5a000 	/System/Library/Frameworks/MetalPerformanceShaders.framework/Versions/A/Frameworks/MPSImage.framework/Versions/A/MPSImage
0x00007ff81b809000 	/System/Library/Frameworks/MetalPerformanceShaders.framework/Versions/A/Frameworks/MPSNeuralNetwork.framework/Versions/A/MPSNeuralNetwork
0x00007ff81bc7e000 	/System/Library/Frameworks/MetalPerformanceShaders.framework/Versions/A/Frameworks/MPSMatrix.framework/Versions/A/MPSMatrix
0x00007ff81ba3a000 	/System/Library/Frameworks/MetalPerformanceShaders.framework/Versions/A/Frameworks/MPSRayIntersector.framework/Versions/A/MPSRayIntersector
0x00007ff81bcb7000 	/System/Library/Frameworks/MetalPerformanceShaders.framework/Versions/A/Frameworks/MPSNDArray.framework/Versions/A/MPSNDArray
0x00007ffa2e007000 	/System/Library/Frameworks/MetalPerformanceShaders.framework/Versions/A/Frameworks/MPSFunctions.framework/Versions/A/MPSFunctions
0x00007ff81178d000 	/System/Library/PrivateFrameworks/MetalTools.framework/Versions/A/MetalTools
0x00007ff81aa86000 	/System/Library/PrivateFrameworks/AggregateDictionary.framework/Versions/A/AggregateDictionary
0x00007ff81cc18000 	/usr/lib/libIOReport.dylib
0x00007ffa2aa22000 	/System/Library/Frameworks/OpenCL.framework/Versions/A/OpenCL
0x00007ff81cf7c000 	/System/Library/PrivateFrameworks/FaceCore.framework/Versions/A/FaceCore
0x00007ff81cf6d000 	/System/Library/PrivateFrameworks/GraphVisualizer.framework/Versions/A/GraphVisualizer
0x00007ffb151d9000 	/System/Library/PrivateFrameworks/FontServices.framework/Versions/A/FontServices
0x00007ff81d399000 	/System/Library/PrivateFrameworks/OTSVG.framework/Versions/A/OTSVG
0x00007ff818863000 	/System/Library/Frameworks/ApplicationServices.framework/Versions/A/Frameworks/ATS.framework/Versions/A/Resources/libFontRegistry.dylib
0x00007ff81d3ea000 	/System/Library/PrivateFrameworks/FontServices.framework/libhvf.dylib
0x00007ffb151da000 	/System/Library/PrivateFrameworks/FontServices.framework/libXTFontStaticRegistryData.dylib
0x00007ff81cde6000 	/System/Library/PrivateFrameworks/AppleVA.framework/Versions/A/AppleVA
0x00007ff81ef00000 	/System/Library/Frameworks/ApplicationServices.framework/Versions/A/Frameworks/ATS.framework/Versions/A/ATS
0x00007ff816a6e000 	/System/Library/Frameworks/ApplicationServices.framework/Versions/A/Frameworks/HIServices.framework/Versions/A/HIServices
0x00007ff81dedb000 	/System/Library/Frameworks/ApplicationServices.framework/Versions/A/Frameworks/PrintCore.framework/Versions/A/PrintCore
0x00007ff81f284000 	/System/Library/Frameworks/ApplicationServices.framework/Versions/A/Frameworks/QD.framework/Versions/A/QD
0x00007ff81f27c000 	/System/Library/Frameworks/ApplicationServices.framework/Versions/A/Frameworks/ColorSyncLegacy.framework/Versions/A/ColorSyncLegacy
0x00007ff81eef0000 	/System/Library/Frameworks/ApplicationServices.framework/Versions/A/Frameworks/SpeechSynthesis.framework/Versions/A/SpeechSynthesis
0x00007ff81de9c000 	/System/Library/Frameworks/ApplicationServices.framework/Versions/A/Frameworks/ATSUI.framework/Versions/A/ATSUI
0x00007ff81f211000 	/usr/lib/libcups.2.dylib
0x00007ff81f5d4000 	/System/Library/Frameworks/Kerberos.framework/Versions/A/Kerberos
0x00007ff81f5e3000 	/System/Library/Frameworks/GSS.framework/Versions/A/GSS
0x00007ff81ef6c000 	/usr/lib/libresolv.9.dylib
0x00007ff81d3f9000 	/System/Library/PrivateFrameworks/Heimdal.framework/Versions/A/Heimdal
0x00007ff8260d1000 	/System/Library/Frameworks/Kerberos.framework/Versions/A/Libraries/libHeimdalProxy.dylib
0x00007ff817750000 	/System/Library/Frameworks/Network.framework/Versions/A/Network
0x00007ff81ce50000 	/usr/lib/libheimdal-asn1.dylib
0x00007ff81f62f000 	/System/Library/PrivateFrameworks/CommonAuth.framework/Versions/A/CommonAuth
0x00007ff81ee6d000 	/System/Library/PrivateFrameworks/AudioSession.framework/Versions/A/AudioSession
0x00007ff81cee0000 	/System/Library/PrivateFrameworks/MediaExperience.framework/Versions/A/MediaExperience
0x00007ff81ed01000 	/System/Library/PrivateFrameworks/AudioSession.framework/libSessionUtility.dylib
0x00007ff81f290000 	/System/Library/PrivateFrameworks/AudioResourceArbitration.framework/Versions/A/AudioResourceArbitration
0x00007ff823282000 	/System/Library/PrivateFrameworks/PowerLog.framework/Versions/A/PowerLog
0x00007ff81ce59000 	/System/Library/PrivateFrameworks/IconFoundation.framework/Versions/A/IconFoundation
0x00007ff82209c000 	/System/Library/PrivateFrameworks/SpeechRecognitionCore.framework/Versions/A/SpeechRecognitionCore
0x000000010b827000 	/Library/Java/JavaVirtualMachines/jdk-11.0.12.jdk/Contents/Home/lib/server/libjvm.dylib
0x000000010ab30000 	/Library/Java/JavaVirtualMachines/jdk-11.0.12.jdk/Contents/Home/lib/libverify.dylib
0x000000010ab54000 	/Library/Java/JavaVirtualMachines/jdk-11.0.12.jdk/Contents/Home/lib/libjava.dylib
0x000000010aac2000 	/Library/Java/JavaVirtualMachines/jdk-11.0.12.jdk/Contents/Home/lib/libjimage.dylib
0x000000010abf7000 	/Library/Java/JavaVirtualMachines/jdk-11.0.12.jdk/Contents/Home/lib/libjdwp.dylib
0x000000010abca000 	/Library/Java/JavaVirtualMachines/jdk-11.0.12.jdk/Contents/Home/lib/libinstrument.dylib
0x000000010acd5000 	/Library/Java/JavaVirtualMachines/jdk-11.0.12.jdk/Contents/Home/lib/libzip.dylib
0x0000000132489000 	/Library/Java/JavaVirtualMachines/jdk-11.0.12.jdk/Contents/Home/lib/libdt_socket.dylib
0x00000001324a4000 	/Library/Java/JavaVirtualMachines/jdk-11.0.12.jdk/Contents/Home/lib/libnio.dylib
0x00000001324e9000 	/Library/Java/JavaVirtualMachines/jdk-11.0.12.jdk/Contents/Home/lib/libnet.dylib
0x00000001328f1000 	/Library/Java/JavaVirtualMachines/jdk-11.0.12.jdk/Contents/Home/lib/libextnet.dylib


VM Arguments:
jvm_args: -agentlib:jdwp=transport=dt_socket,suspend=y,address=localhost:50926 -ea -javaagent:/Users/concettadamato/eclipse/java-2021-12/Eclipse.app/Contents/Eclipse/configuration/org.eclipse.osgi/215/0/.cp/lib/javaagent-shaded.jar -Dfile.encoding=UTF-8 
java_command: org.eclipse.jdt.internal.junit.runner.RemoteTestRunner -version 3 -port 50925 -testLoaderClass org.eclipse.jdt.internal.junit4.runner.JUnit4TestLoader -loaderpluginname org.eclipse.jdt.junit4.runtime -classNames soluteTransport.TestSoluteAdvectionDispersion
java_class_path (initial): /Users/concettadamato/Eclipse_workspace_12/WHETGEO-1D/bin/main:/Users/concettadamato/Eclipse_workspace_12/WHETGEO-1D/bin/test:/WHETGEO-1D/bin/default:/Users/concettadamato/Eclipse_workspace_12/WHETGEO-1D/lib/closureequation-1.0.3.jar:/Users/concettadamato/Eclipse_workspace_12/WHETGEO-1D/lib/netcdf-1.0.3.jar:/Users/concettadamato/Eclipse_workspace_12/WHETGEO-1D/lib/numerical-1.0.2.jar:/Users/concettadamato/Eclipse_workspace_12/WHETGEO-1D/lib/buffer-1.0.3.jar:/Users/concettadamato/.gradle/caches/modules-2/files-2.1/edu.ucar/netcdf/4.3.22/a9b0be3ddf020c3aebf6498fcfc3ef007805cec0/netcdf-4.3.22.jar:/Users/concettadamato/.gradle/caches/modules-2/files-2.1/org.slf4j/slf4j-nop/1.7.5/3482f4546a52dc63d0c8e829338f26a77e5eab1b/slf4j-nop-1.7.5.jar:/Users/concettadamato/.gradle/caches/modules-2/files-2.1/org.hortonmachine/hm-gears/0.10.4/7d865c0a739c31c00591d0d4a226602efb91eed9/hm-gears-0.10.4.jar:/Users/concettadamato/.gradle/caches/modules-2/files-2.1/edu.ucar/udunits/4.3.22/ea8cad39471fa48e181abdd4f0eae6175098bc58/udunits-4.3.22.jar:/Users/concettadamato/.gradle/caches/modules-2/files-2.1/org.geotools/gt-wmts/25.0/a097860129999884024b66bc0167c01b36113216/gt-wmts-25.0.jar:/Users/concettadamato/.gradle/caches/modules-2/files-2.1/org.geotools/gt-wms/25.0/cc9038f69aed78e68ada09e7f5e36e953db5d112/gt-wms-25.0.jar:/Users/concettadamato/.gradle/caches/modules-2/files-2.1/org.geotools/gt-tile-client/25.0/52c1897d0bc4ba30a7e5ccac429467f76a74f0ee/gt-tile-client-25.0.jar:/Users/concettadamato/.gradle/caches/modules-2/files-2.1/commons-httpclient/commons-httpclient/3.1/964cd74171f427720480efdec40a7c7f6e58426a/commons-httpclient-3.1.jar:/Users/concettadamato/.gradle/caches/modules-2/files-2.1/joda-time/joda-time/2.9.4/1c295b462f16702ebe720bbb08f62e1ba80da41b/joda-time-2.9.4.jar:/Users/concettadamato/.gradle/caches/modules-2/files-2.1/org.quartz-scheduler/quartz/2.1.1/40970d28176ef335f6f561fcad75702bfde35beb/quartz-2.1.1.jar:/Users/concettadamato/.gradle/caches/m
Launcher Type: SUN_STANDARD

[Global flags]
     intx CICompilerCount                          = 4                                         {product} {ergonomic}
     uint ConcGCThreads                            = 2                                         {product} {ergonomic}
     uint G1ConcRefinementThreads                  = 8                                         {product} {ergonomic}
   size_t G1HeapRegionSize                         = 1048576                                   {product} {ergonomic}
    uintx GCDrainStackTargetSize                   = 64                                        {product} {ergonomic}
   size_t InitialHeapSize                          = 268435456                                 {product} {ergonomic}
   size_t MarkStackSize                            = 4194304                                   {product} {ergonomic}
   size_t MaxHeapSize                              = 4294967296                                {product} {ergonomic}
   size_t MaxNewSize                               = 2576351232                                {product} {ergonomic}
   size_t MinHeapDeltaBytes                        = 1048576                                   {product} {ergonomic}
    uintx NonNMethodCodeHeapSize                   = 5836300                                {pd product} {ergonomic}
    uintx NonProfiledCodeHeapSize                  = 122910970                              {pd product} {ergonomic}
    uintx ProfiledCodeHeapSize                     = 122910970                              {pd product} {ergonomic}
    uintx ReservedCodeCacheSize                    = 251658240                              {pd product} {ergonomic}
     bool SegmentedCodeCache                       = true                                      {product} {ergonomic}
     bool UseCompressedClassPointers               = true                                 {lp64_product} {ergonomic}
     bool UseCompressedOops                        = true                                 {lp64_product} {ergonomic}
     bool UseG1GC                                  = true                                      {product} {ergonomic}

Logging:
Log output configuration:
 #0: stdout all=warning uptime,level,tags
 #1: stderr all=off uptime,level,tags

Environment Variables:
PATH=/usr/bin:/bin:/usr/sbin:/sbin
SHELL=/bin/zsh

Signal Handlers:
SIGSEGV: [libjvm.dylib+0x79688e], sa_mask[0]=11111111111111111111111111111111, sa_flags=SA_ONSTACK|SA_RESTART|SA_SIGINFO
SIGBUS: [libjvm.dylib+0x79688e], sa_mask[0]=11111111111111111111111111111111, sa_flags=SA_RESTART|SA_SIGINFO
SIGFPE: [libjvm.dylib+0x79688e], sa_mask[0]=11111111111111111111111111111111, sa_flags=SA_RESTART|SA_SIGINFO
SIGPIPE: [libjvm.dylib+0x6488fa], sa_mask[0]=11111111111111111111111111111111, sa_flags=SA_RESTART|SA_SIGINFO
SIGXFSZ: [libjvm.dylib+0x6488fa], sa_mask[0]=11111111111111111111111111111111, sa_flags=SA_RESTART|SA_SIGINFO
SIGILL: [libjvm.dylib+0x79688e], sa_mask[0]=11111111111111111111111111111111, sa_flags=SA_RESTART|SA_SIGINFO
SIGUSR2: [libjvm.dylib+0x648ece], sa_mask[0]=00100000000000000000000000000000, sa_flags=SA_RESTART|SA_SIGINFO
SIGHUP: [libjvm.dylib+0x64798f], sa_mask[0]=11111111111111111111111111111111, sa_flags=SA_RESTART|SA_SIGINFO
SIGINT: [libjvm.dylib+0x64798f], sa_mask[0]=11111111111111111111111111111111, sa_flags=SA_RESTART|SA_SIGINFO
SIGTERM: [libjvm.dylib+0x64798f], sa_mask[0]=11111111111111111111111111111111, sa_flags=SA_RESTART|SA_SIGINFO
SIGQUIT: [libjvm.dylib+0x64798f], sa_mask[0]=11111111111111111111111111111111, sa_flags=SA_RESTART|SA_SIGINFO


---------------  S Y S T E M  ---------------

OS:uname:Darwin 21.3.0 Darwin Kernel Version 21.3.0: Wed Jan  5 21:37:58 PST 2022; root:xnu-8019.80.24~20/RELEASE_ARM64_T8101 x86_64
rlimit: STACK 8176k, CORE 0k, NPROC 2666, NOFILE 10240, AS infinity, DATA infinity, FSIZE infinity
load average:1.24 1.29 1.33

CPU:total 8 (initial active 8) (1 cores per cpu, 1 threads per core) family 6 model 44 stepping 0 microcode 0x0, cmov, cx8, fxsr, mmx, sse, sse2, sse3, ssse3, sse4.1, sse4.2, popcnt, aes, clmul, tsc, tscinvbit, tscinv

Memory: 4k page, physical 16777216k(55500k free)

vm_info: Java HotSpot(TM) 64-Bit Server VM (11.0.12+8-LTS-237) for bsd-amd64 JRE (11.0.12+8-LTS-237), built on Jun  8 2021 10:26:22 by "mach5one" with gcc 4.2.1 Compatible Apple LLVM 11.0.0 (clang-1100.0.33.17)

END.
